#
# There is insufficient memory for the Java Runtime Environment to continue.
# Native memory allocation (malloc) failed to allocate 1143536 bytes for Chunk::new
# Possible reasons:
#   The system is out of physical RAM or swap space
#   The process is running with CompressedOops enabled, and the Java Heap may be blocking the growth of the native heap
# Possible solutions:
#   Reduce memory load on the system
#   Increase physical memory or swap space
#   Check if swap backing store is full
#   Decrease Java heap size (-Xmx/-Xms)
#   Decrease number of Java threads
#   Decrease Java thread stack sizes (-Xss)
#   Set larger code cache with -XX:ReservedCodeCacheSize=
#   JVM is running with Unscaled Compressed Oops mode in which the Java heap is
#     placed in the first 4GB address space. The Java Heap base address is the
#     maximum limit for the native heap growth. Please use -XX:HeapBaseMinAddress
#     to set the Java Heap base and to place the Java Heap above 4GB virtual address.
# This output file may be truncated or incomplete.
#
#  Out of Memory Error (./open/src/hotspot/share/memory/arena.cpp:197), pid=14260, tid=34540
#
# JRE version: Java(TM) SE Runtime Environment 18.9 (11.0.19+9) (build 11.0.19+9-LTS-224)
# Java VM: Java HotSpot(TM) 64-Bit Server VM 18.9 (11.0.19+9-LTS-224, mixed mode, tiered, compressed oops, g1 gc, windows-amd64)
# No core dump will be written. Minidumps are not enabled by default on client versions of Windows
#

---------------  S U M M A R Y ------------

Command Line: -XX:MaxMetaspaceSize=512m --add-opens=java.base/java.util=ALL-UNNAMED --add-opens=java.base/java.lang=ALL-UNNAMED --add-opens=java.base/java.lang.invoke=ALL-UNNAMED --add-opens=java.prefs/java.util.prefs=ALL-UNNAMED --add-opens=java.base/java.nio.charset=ALL-UNNAMED --add-opens=java.base/java.net=ALL-UNNAMED --add-opens=java.base/java.util.concurrent.atomic=ALL-UNNAMED -Xmx2048m -Dfile.encoding=windows-1252 -Duser.country=US -Duser.language=en -Duser.variant org.gradle.launcher.daemon.bootstrap.GradleDaemon 8.0.1

Host: AMD Ryzen 5 5500U with Radeon Graphics         , 12 cores, 7G,  Windows 11 , 64 bit Build 22621 (10.0.22621.1928)
Time: Tue Aug  8 20:58:30 2023 SE Asia Standard Time elapsed time: 100.706918 seconds (0d 0h 1m 40s)

---------------  T H R E A D  ---------------

Current thread (0x0000026bc39e4000):  JavaThread "C2 CompilerThread0" daemon [_thread_in_native, id=34540, stack(0x000000f051c00000,0x000000f051d00000)]


Current CompileTask:
C2: 100706 11146       4       sun.reflect.generics.visitor.Reifier::visitClassTypeSignature (381 bytes)

Stack: [0x000000f051c00000,0x000000f051d00000]
Native frames: (J=compiled Java code, j=interpreted, Vv=VM code, C=native code)
V  [jvm.dll+0x65fe1a]
V  [jvm.dll+0x7a2bbf]
V  [jvm.dll+0x7a4289]
V  [jvm.dll+0x7a4923]
V  [jvm.dll+0x258a25]
V  [jvm.dll+0xb29cc]
V  [jvm.dll+0xb2f8c]
V  [jvm.dll+0x3670df]
V  [jvm.dll+0x32fdf5]
V  [jvm.dll+0x32f1da]
V  [jvm.dll+0x21172d]
V  [jvm.dll+0x2106f8]
V  [jvm.dll+0x18c841]
V  [jvm.dll+0x220989]
V  [jvm.dll+0x21ecac]
V  [jvm.dll+0x766921]
V  [jvm.dll+0x75f2e4]
V  [jvm.dll+0x65ecc5]
C  [ucrtbase.dll+0x29363]
C  [KERNEL32.DLL+0x126ad]
C  [ntdll.dll+0x5aa68]


---------------  P R O C E S S  ---------------

Threads class SMR info:
_java_thread_list=0x0000026bcc4e9a80, length=181, elements={
0x0000026ba5558000, 0x0000026bc39bc000, 0x0000026bc39bd000, 0x0000026bc39e0000,
0x0000026bc39e1000, 0x0000026bc39e3000, 0x0000026bc39e4000, 0x0000026bc39e6800,
0x0000026bc39eb800, 0x0000026bc449b000, 0x0000026bc518e800, 0x0000026bc56b5000,
0x0000026bc66ee000, 0x0000026bc5e06000, 0x0000026bc46ff000, 0x0000026bc46c8000,
0x0000026bc5b6f000, 0x0000026bc50da000, 0x0000026bc4b46800, 0x0000026bc4b47800,
0x0000026bc4b48800, 0x0000026bc4b42800, 0x0000026bc4b49000, 0x0000026bc4b43800,
0x0000026bc4b44000, 0x0000026bc4b45000, 0x0000026bc4b46000, 0x0000026bc68df000,
0x0000026bc68db800, 0x0000026bc68dc800, 0x0000026bc68db000, 0x0000026bc68da000,
0x0000026bc68de000, 0x0000026bc68e4800, 0x0000026bc68e5800, 0x0000026bc68e4000,
0x0000026bc68df800, 0x0000026bc68e6000, 0x0000026bc68e2000, 0x0000026bc68e3000,
0x0000026bc68e0800, 0x0000026bc68e7000, 0x0000026bc68e8000, 0x0000026bc4796000,
0x0000026bc4795800, 0x0000026bc479b000, 0x0000026bc4798800, 0x0000026bc479c800,
0x0000026bc479c000, 0x0000026bc4797000, 0x0000026bc479d800, 0x0000026bc4799800,
0x0000026bc4797800, 0x0000026bc479a000, 0x0000026bc47a3000, 0x0000026bc47a4000,
0x0000026bc47a2800, 0x0000026bc479e800, 0x0000026bc479f000, 0x0000026bc47a1800,
0x0000026bc47a0800, 0x0000026bc47a0000, 0x0000026bc68b7000, 0x0000026bc68b6000,
0x0000026bc68b1000, 0x0000026bc68b7800, 0x0000026bc68b2000, 0x0000026bc68b8800,
0x0000026bc68b3000, 0x0000026bc68b9800, 0x0000026bc68b3800, 0x0000026bc68ba000,
0x0000026bc68bb000, 0x0000026bc68b5800, 0x0000026bc68bd800, 0x0000026bc68bc000,
0x0000026bc68be000, 0x0000026bc68bf000, 0x0000026bc68c0000, 0x0000026bc68bc800,
0x0000026bc462b800, 0x0000026bc4626000, 0x0000026bc4629000, 0x0000026bc462a000,
0x0000026bc462b000, 0x0000026bc4628800, 0x0000026bc4627800, 0x0000026bc462c800,
0x0000026bc4627000, 0x0000026bc462e000, 0x0000026bc462f000, 0x0000026bc4632000,
0x0000026bc462d800, 0x0000026bc4633000, 0x0000026bc4630800, 0x0000026bc4631800,
0x0000026bc462f800, 0x0000026bc4634000, 0x0000026bc4634800, 0x0000026bc6adc800,
0x0000026bc6ade000, 0x0000026bc6add800, 0x0000026bc6adf000, 0x0000026bc6ae0000,
0x0000026bc6ada000, 0x0000026bc6ae0800, 0x0000026bc6adb000, 0x0000026bc6adb800,
0x0000026bcab8f800, 0x0000026bcab8c800, 0x0000026bcab8f000, 0x0000026bcab8b800,
0x0000026bcab8d000, 0x0000026bcab90800, 0x0000026bcab8a800, 0x0000026bcab92000,
0x0000026bcab91000, 0x0000026bcab93000, 0x0000026bcab93800, 0x0000026bcab8e000,
0x0000026bcab98800, 0x0000026bcab96000, 0x0000026bcab98000, 0x0000026bcab97000,
0x0000026bcab94800, 0x0000026bcab99800, 0x0000026bcab95800, 0x0000026bcb3ea000,
0x0000026bcb3e9000, 0x0000026bcb3eb000, 0x0000026bcb3e6000, 0x0000026bcb3eb800,
0x0000026bcb3e8800, 0x0000026bcb3e6800, 0x0000026bcb3ec800, 0x0000026bcb3ed800,
0x0000026bcb3e7800, 0x0000026bcb3f4000, 0x0000026bcb3f0800, 0x0000026bcb3ee000,
0x0000026bcb3f1800, 0x0000026bcb3f4800, 0x0000026bcb3ef000, 0x0000026bcb3f3000,
0x0000026bcb3f2000, 0x0000026bcb3ef800, 0x0000026bca565000, 0x0000026bca566000,
0x0000026bca563800, 0x0000026bca560000, 0x0000026bca566800, 0x0000026bca561000,
0x0000026bca567800, 0x0000026bca561800, 0x0000026bca568000, 0x0000026bca562800,
0x0000026bca569000, 0x0000026bca56a000, 0x0000026bca564000, 0x0000026bca56c800,
0x0000026bca56d000, 0x0000026bca56e000, 0x0000026bca56a800, 0x0000026bca56f000,
0x0000026bca56b800, 0x0000026bc88c3000, 0x0000026bc88c4800, 0x0000026bc88c1800,
0x0000026bc88c8000, 0x0000026bc88c4000, 0x0000026bc88c6000, 0x0000026bc88c5800,
0x0000026bc88c7000, 0x0000026bc88c2000, 0x0000026bc88ca800, 0x0000026bc88cd800,
0x0000026bc88c8800, 0x0000026bc88c9800, 0x0000026bc88cb000, 0x0000026bc88ce800,
0x0000026bc88cf000
}

Java Threads: ( => current thread )
  0x0000026ba5558000 JavaThread "main" [_thread_blocked, id=20928, stack(0x000000f051000000,0x000000f051100000)]
  0x0000026bc39bc000 JavaThread "Reference Handler" daemon [_thread_blocked, id=10544, stack(0x000000f051700000,0x000000f051800000)]
  0x0000026bc39bd000 JavaThread "Finalizer" daemon [_thread_blocked, id=34012, stack(0x000000f051800000,0x000000f051900000)]
  0x0000026bc39e0000 JavaThread "Signal Dispatcher" daemon [_thread_blocked, id=29568, stack(0x000000f051900000,0x000000f051a00000)]
  0x0000026bc39e1000 JavaThread "Attach Listener" daemon [_thread_blocked, id=10680, stack(0x000000f051a00000,0x000000f051b00000)]
  0x0000026bc39e3000 JavaThread "Service Thread" daemon [_thread_blocked, id=18784, stack(0x000000f051b00000,0x000000f051c00000)]
=>0x0000026bc39e4000 JavaThread "C2 CompilerThread0" daemon [_thread_in_native, id=34540, stack(0x000000f051c00000,0x000000f051d00000)]
  0x0000026bc39e6800 JavaThread "C1 CompilerThread0" daemon [_thread_blocked, id=13068, stack(0x000000f051d00000,0x000000f051e00000)]
  0x0000026bc39eb800 JavaThread "Sweeper thread" daemon [_thread_blocked, id=16824, stack(0x000000f051e00000,0x000000f051f00000)]
  0x0000026bc449b000 JavaThread "Common-Cleaner" daemon [_thread_blocked, id=18884, stack(0x000000f051f00000,0x000000f052000000)]
  0x0000026bc518e800 JavaThread "Daemon health stats" [_thread_blocked, id=9256, stack(0x000000f052200000,0x000000f052300000)]
  0x0000026bc56b5000 JavaThread "Incoming local TCP Connector on port 49717" [_thread_in_native, id=11780, stack(0x000000f052300000,0x000000f052400000)]
  0x0000026bc66ee000 JavaThread "Daemon periodic checks" [_thread_blocked, id=34220, stack(0x000000f052400000,0x000000f052500000)]
  0x0000026bc5e06000 JavaThread "Daemon" [_thread_blocked, id=27152, stack(0x000000f052500000,0x000000f052600000)]
  0x0000026bc46ff000 JavaThread "Handler for socket connection from /127.0.0.1:49717 to /127.0.0.1:49718" [_thread_in_native, id=8396, stack(0x000000f052600000,0x000000f052700000)]
  0x0000026bc46c8000 JavaThread "Cancel handler" [_thread_blocked, id=32328, stack(0x000000f052700000,0x000000f052800000)]
  0x0000026bc5b6f000 JavaThread "Daemon worker" [_thread_in_vm, id=28980, stack(0x000000f052800000,0x000000f052900000)]
  0x0000026bc50da000 JavaThread "Asynchronous log dispatcher for DefaultDaemonConnection: socket connection from /127.0.0.1:49717 to /127.0.0.1:49718" [_thread_blocked, id=15556, stack(0x000000f052900000,0x000000f052a00000)]
  0x0000026bc4b46800 JavaThread "Daemon client event forwarder" [_thread_blocked, id=28008, stack(0x000000f052b00000,0x000000f052c00000)]
  0x0000026bc4b47800 JavaThread "Cache worker for journal cache (C:\Users\ACER\.gradle\caches\journal-1)" [_thread_blocked, id=11088, stack(0x000000f053500000,0x000000f053600000)]
  0x0000026bc4b48800 JavaThread "File lock request listener" [_thread_in_native, id=21720, stack(0x000000f053600000,0x000000f053700000)]
  0x0000026bc4b42800 JavaThread "Cache worker for file hash cache (C:\Users\ACER\.gradle\caches\8.0.1\fileHashes)" [_thread_blocked, id=16288, stack(0x000000f053900000,0x000000f053a00000)]
  0x0000026bc4b49000 JavaThread "File lock release action executor" [_thread_blocked, id=18448, stack(0x000000f053a00000,0x000000f053b00000)]
  0x0000026bc4b43800 JavaThread "File watcher server" daemon [_thread_in_native, id=15116, stack(0x000000f053b00000,0x000000f053c00000)]
  0x0000026bc4b44000 JavaThread "File watcher consumer" daemon [_thread_blocked, id=16056, stack(0x000000f053c00000,0x000000f053d00000)]
  0x0000026bc4b45000 JavaThread "Cache worker for checksums cache (D:\workplace\project\IotFood\IotFood\android\.gradle\8.0.1\checksums)" [_thread_blocked, id=17064, stack(0x000000f053d00000,0x000000f053e00000)]
  0x0000026bc4b46000 JavaThread "Cache worker for cache directory md-rule (C:\Users\ACER\.gradle\caches\8.0.1\md-rule)" [_thread_blocked, id=10768, stack(0x000000f053e00000,0x000000f053f00000)]
  0x0000026bc68df000 JavaThread "Cache worker for file content cache (C:\Users\ACER\.gradle\caches\8.0.1\fileContent)" [_thread_blocked, id=11872, stack(0x000000f053f00000,0x000000f054000000)]
  0x0000026bc68db800 JavaThread "Cache worker for file hash cache (D:\workplace\project\IotFood\IotFood\android\.gradle\8.0.1\fileHashes)" [_thread_blocked, id=36700, stack(0x000000f054000000,0x000000f054100000)]
  0x0000026bc68dc800 JavaThread "Cache worker for cache directory md-supplier (C:\Users\ACER\.gradle\caches\8.0.1\md-supplier)" [_thread_blocked, id=4248, stack(0x000000f054100000,0x000000f054200000)]
  0x0000026bc68db000 JavaThread "Cache worker for execution history cache (C:\Users\ACER\.gradle\caches\8.0.1\executionHistory)" [_thread_blocked, id=26016, stack(0x000000f054200000,0x000000f054300000)]
  0x0000026bc68da000 JavaThread "jar transforms" [_thread_blocked, id=25468, stack(0x000000f054300000,0x000000f054400000)]
  0x0000026bc68de000 JavaThread "jar transforms Thread 2" [_thread_blocked, id=6308, stack(0x000000f054400000,0x000000f054500000)]
  0x0000026bc68e4800 JavaThread "jar transforms Thread 3" [_thread_blocked, id=25972, stack(0x000000f054500000,0x000000f054600000)]
  0x0000026bc68e5800 JavaThread "jar transforms Thread 4" [_thread_blocked, id=31028, stack(0x000000f054600000,0x000000f054700000)]
  0x0000026bc68e4000 JavaThread "Cache worker for kotlin-dsl (C:\Users\ACER\.gradle\caches\8.0.1\kotlin-dsl)" [_thread_blocked, id=14516, stack(0x000000f054700000,0x000000f054800000)]
  0x0000026bc68df800 JavaThread "jar transforms Thread 5" [_thread_blocked, id=35512, stack(0x000000f054800000,0x000000f054900000)]
  0x0000026bc68e6000 JavaThread "jar transforms Thread 6" [_thread_blocked, id=27600, stack(0x000000f054900000,0x000000f054a00000)]
  0x0000026bc68e2000 JavaThread "Cache worker for dependencies-accessors (D:\workplace\project\IotFood\IotFood\android\.gradle\8.0.1\dependencies-accessors)" [_thread_blocked, id=19332, stack(0x000000f054a00000,0x000000f054b00000)]
  0x0000026bc68e3000 JavaThread "Cache worker for Build Output Cleanup Cache (D:\workplace\project\IotFood\IotFood\node_modules\@react-native\gradle-plugin\.gradle\buildOutputCleanup)" [_thread_blocked, id=16032, stack(0x000000f054b00000,0x000000f054c00000)]
  0x0000026bc68e0800 JavaThread "jar transforms Thread 7" [_thread_blocked, id=36664, stack(0x000000f054e00000,0x000000f054f00000)]
  0x0000026bc68e7000 JavaThread "Unconstrained build operations" [_thread_blocked, id=2700, stack(0x000000f055000000,0x000000f055100000)]
  0x0000026bc68e8000 JavaThread "Unconstrained build operations Thread 2" [_thread_blocked, id=28584, stack(0x000000f055100000,0x000000f055200000)]
  0x0000026bc4796000 JavaThread "Unconstrained build operations Thread 3" [_thread_blocked, id=29000, stack(0x000000f055200000,0x000000f055300000)]
  0x0000026bc4795800 JavaThread "Unconstrained build operations Thread 4" [_thread_blocked, id=20740, stack(0x000000f055300000,0x000000f055400000)]
  0x0000026bc479b000 JavaThread "Unconstrained build operations Thread 5" [_thread_blocked, id=13284, stack(0x000000f055400000,0x000000f055500000)]
  0x0000026bc4798800 JavaThread "Unconstrained build operations Thread 6" [_thread_blocked, id=29400, stack(0x000000f055500000,0x000000f055600000)]
  0x0000026bc479c800 JavaThread "Unconstrained build operations Thread 7" [_thread_blocked, id=1700, stack(0x000000f055600000,0x000000f055700000)]
  0x0000026bc479c000 JavaThread "Unconstrained build operations Thread 8" [_thread_blocked, id=36024, stack(0x000000f055700000,0x000000f055800000)]
  0x0000026bc4797000 JavaThread "Unconstrained build operations Thread 9" [_thread_blocked, id=10588, stack(0x000000f055800000,0x000000f055900000)]
  0x0000026bc479d800 JavaThread "Unconstrained build operations Thread 10" [_thread_blocked, id=11152, stack(0x000000f055900000,0x000000f055a00000)]
  0x0000026bc4799800 JavaThread "Unconstrained build operations Thread 11" [_thread_blocked, id=3812, stack(0x000000f055a00000,0x000000f055b00000)]
  0x0000026bc4797800 JavaThread "Unconstrained build operations Thread 12" [_thread_blocked, id=212, stack(0x000000f055b00000,0x000000f055c00000)]
  0x0000026bc479a000 JavaThread "Unconstrained build operations Thread 13" [_thread_blocked, id=26764, stack(0x000000f055c00000,0x000000f055d00000)]
  0x0000026bc47a3000 JavaThread "Unconstrained build operations Thread 14" [_thread_blocked, id=20616, stack(0x000000f055d00000,0x000000f055e00000)]
  0x0000026bc47a4000 JavaThread "Unconstrained build operations Thread 15" [_thread_blocked, id=22672, stack(0x000000f055e00000,0x000000f055f00000)]
  0x0000026bc47a2800 JavaThread "Unconstrained build operations Thread 16" [_thread_blocked, id=14084, stack(0x000000f055f00000,0x000000f056000000)]
  0x0000026bc479e800 JavaThread "Unconstrained build operations Thread 17" [_thread_blocked, id=29380, stack(0x000000f056000000,0x000000f056100000)]
  0x0000026bc479f000 JavaThread "Unconstrained build operations Thread 18" [_thread_blocked, id=27276, stack(0x000000f056100000,0x000000f056200000)]
  0x0000026bc47a1800 JavaThread "Unconstrained build operations Thread 19" [_thread_blocked, id=12340, stack(0x000000f056200000,0x000000f056300000)]
  0x0000026bc47a0800 JavaThread "Unconstrained build operations Thread 20" [_thread_blocked, id=11376, stack(0x000000f056300000,0x000000f056400000)]
  0x0000026bc47a0000 JavaThread "Unconstrained build operations Thread 21" [_thread_blocked, id=9812, stack(0x000000f056400000,0x000000f056500000)]
  0x0000026bc68b7000 JavaThread "Unconstrained build operations Thread 22" [_thread_blocked, id=12372, stack(0x000000f056500000,0x000000f056600000)]
  0x0000026bc68b6000 JavaThread "Unconstrained build operations Thread 23" [_thread_blocked, id=12440, stack(0x000000f056600000,0x000000f056700000)]
  0x0000026bc68b1000 JavaThread "Unconstrained build operations Thread 24" [_thread_blocked, id=25592, stack(0x000000f056700000,0x000000f056800000)]
  0x0000026bc68b7800 JavaThread "Unconstrained build operations Thread 25" [_thread_blocked, id=15696, stack(0x000000f056800000,0x000000f056900000)]
  0x0000026bc68b2000 JavaThread "Unconstrained build operations Thread 26" [_thread_blocked, id=15808, stack(0x000000f056900000,0x000000f056a00000)]
  0x0000026bc68b8800 JavaThread "jar transforms Thread 8" [_thread_blocked, id=24596, stack(0x000000f054f00000,0x000000f055000000)]
  0x0000026bc68b3000 JavaThread "jar transforms Thread 9" [_thread_blocked, id=28588, stack(0x000000f056a00000,0x000000f056b00000)]
  0x0000026bc68b9800 JavaThread "jar transforms Thread 10" [_thread_blocked, id=35432, stack(0x000000f056b00000,0x000000f056c00000)]
  0x0000026bc68b3800 JavaThread "jar transforms Thread 11" [_thread_blocked, id=15208, stack(0x000000f056c00000,0x000000f056d00000)]
  0x0000026bc68ba000 JavaThread "jar transforms Thread 12" [_thread_blocked, id=14656, stack(0x000000f056d00000,0x000000f056e00000)]
  0x0000026bc68bb000 JavaThread "Memory manager" [_thread_blocked, id=26256, stack(0x000000f056f00000,0x000000f057000000)]
  0x0000026bc68b5800 JavaThread "Cache worker for Build Output Cleanup Cache (D:\workplace\project\IotFood\IotFood\android\.gradle\buildOutputCleanup)" [_thread_blocked, id=24676, stack(0x000000f056e00000,0x000000f056f00000)]
  0x0000026bc68bd800 JavaThread "included builds" [_thread_blocked, id=14640, stack(0x000000f057000000,0x000000f057100000)]
  0x0000026bc68bc000 JavaThread "Execution worker" [_thread_blocked, id=10072, stack(0x000000f057100000,0x000000f057200000)]
  0x0000026bc68be000 JavaThread "Execution worker Thread 2" [_thread_blocked, id=25976, stack(0x000000f057200000,0x000000f057300000)]
  0x0000026bc68bf000 JavaThread "Execution worker Thread 3" [_thread_blocked, id=6892, stack(0x000000f057300000,0x000000f057400000)]
  0x0000026bc68c0000 JavaThread "Execution worker Thread 4" [_thread_blocked, id=30500, stack(0x000000f057400000,0x000000f057500000)]
  0x0000026bc68bc800 JavaThread "Execution worker Thread 5" [_thread_blocked, id=20520, stack(0x000000f057500000,0x000000f057600000)]
  0x0000026bc462b800 JavaThread "Execution worker Thread 6" [_thread_blocked, id=16980, stack(0x000000f057600000,0x000000f057700000)]
  0x0000026bc4626000 JavaThread "Execution worker Thread 7" [_thread_blocked, id=10356, stack(0x000000f057700000,0x000000f057800000)]
  0x0000026bc4629000 JavaThread "Execution worker Thread 8" [_thread_blocked, id=968, stack(0x000000f057800000,0x000000f057900000)]
  0x0000026bc462a000 JavaThread "Execution worker Thread 9" [_thread_blocked, id=21572, stack(0x000000f057900000,0x000000f057a00000)]
  0x0000026bc462b000 JavaThread "Execution worker Thread 10" [_thread_blocked, id=13980, stack(0x000000f057a00000,0x000000f057b00000)]
  0x0000026bc4628800 JavaThread "Execution worker Thread 11" [_thread_blocked, id=29076, stack(0x000000f057b00000,0x000000f057c00000)]
  0x0000026bc4627800 JavaThread "Cache worker for execution history cache (D:\workplace\project\IotFood\IotFood\node_modules\@react-native\gradle-plugin\.gradle\8.0.1\executionHistory)" [_thread_blocked, id=36132, stack(0x000000f057c00000,0x000000f057d00000)]
  0x0000026bc462c800 JavaThread "Unconstrained build operations Thread 27" [_thread_blocked, id=24524, stack(0x000000f057d00000,0x000000f057e00000)]
  0x0000026bc4627000 JavaThread "Unconstrained build operations Thread 28" [_thread_blocked, id=30832, stack(0x000000f057e00000,0x000000f057f00000)]
  0x0000026bc462e000 JavaThread "Unconstrained build operations Thread 29" [_thread_blocked, id=15676, stack(0x000000f057f00000,0x000000f058000000)]
  0x0000026bc462f000 JavaThread "Unconstrained build operations Thread 30" [_thread_blocked, id=15952, stack(0x000000f058000000,0x000000f058100000)]
  0x0000026bc4632000 JavaThread "Unconstrained build operations Thread 31" [_thread_blocked, id=28512, stack(0x000000f058100000,0x000000f058200000)]
  0x0000026bc462d800 JavaThread "Unconstrained build operations Thread 32" [_thread_blocked, id=21800, stack(0x000000f058200000,0x000000f058300000)]
  0x0000026bc4633000 JavaThread "Unconstrained build operations Thread 33" [_thread_blocked, id=28868, stack(0x000000f058300000,0x000000f058400000)]
  0x0000026bc4630800 JavaThread "Unconstrained build operations Thread 34" [_thread_blocked, id=17992, stack(0x000000f058400000,0x000000f058500000)]
  0x0000026bc4631800 JavaThread "Unconstrained build operations Thread 35" [_thread_blocked, id=34608, stack(0x000000f058500000,0x000000f058600000)]
  0x0000026bc462f800 JavaThread "Unconstrained build operations Thread 36" [_thread_blocked, id=8088, stack(0x000000f058600000,0x000000f058700000)]
  0x0000026bc4634000 JavaThread "Unconstrained build operations Thread 37" [_thread_blocked, id=25288, stack(0x000000f058700000,0x000000f058800000)]
  0x0000026bc4634800 JavaThread "Unconstrained build operations Thread 38" [_thread_blocked, id=29792, stack(0x000000f058800000,0x000000f058900000)]
  0x0000026bc6adc800 JavaThread "Unconstrained build operations Thread 39" [_thread_blocked, id=20816, stack(0x000000f058900000,0x000000f058a00000)]
  0x0000026bc6ade000 JavaThread "Unconstrained build operations Thread 40" [_thread_blocked, id=25460, stack(0x000000f058a00000,0x000000f058b00000)]
  0x0000026bc6add800 JavaThread "Unconstrained build operations Thread 41" [_thread_blocked, id=30288, stack(0x000000f058b00000,0x000000f058c00000)]
  0x0000026bc6adf000 JavaThread "Unconstrained build operations Thread 42" [_thread_blocked, id=22276, stack(0x000000f058c00000,0x000000f058d00000)]
  0x0000026bc6ae0000 JavaThread "Unconstrained build operations Thread 43" [_thread_blocked, id=16228, stack(0x000000f058d00000,0x000000f058e00000)]
  0x0000026bc6ada000 JavaThread "Unconstrained build operations Thread 44" [_thread_blocked, id=23308, stack(0x000000f058e00000,0x000000f058f00000)]
  0x0000026bc6ae0800 JavaThread "Unconstrained build operations Thread 45" [_thread_blocked, id=30524, stack(0x000000f058f00000,0x000000f059000000)]
  0x0000026bc6adb000 JavaThread "Unconstrained build operations Thread 46" [_thread_blocked, id=21528, stack(0x000000f059000000,0x000000f059100000)]
  0x0000026bc6adb800 JavaThread "Unconstrained build operations Thread 47" [_thread_blocked, id=35400, stack(0x000000f059100000,0x000000f059200000)]
  0x0000026bcab8f800 JavaThread "Unconstrained build operations Thread 48" [_thread_blocked, id=11812, stack(0x000000f059200000,0x000000f059300000)]
  0x0000026bcab8c800 JavaThread "Unconstrained build operations Thread 49" [_thread_blocked, id=32728, stack(0x000000f059300000,0x000000f059400000)]
  0x0000026bcab8f000 JavaThread "Unconstrained build operations Thread 50" [_thread_blocked, id=6564, stack(0x000000f059400000,0x000000f059500000)]
  0x0000026bcab8b800 JavaThread "Unconstrained build operations Thread 51" [_thread_blocked, id=14536, stack(0x000000f059500000,0x000000f059600000)]
  0x0000026bcab8d000 JavaThread "Unconstrained build operations Thread 52" [_thread_blocked, id=3128, stack(0x000000f059600000,0x000000f059700000)]
  0x0000026bcab90800 JavaThread "Unconstrained build operations Thread 53" [_thread_blocked, id=8924, stack(0x000000f059700000,0x000000f059800000)]
  0x0000026bcab8a800 JavaThread "Unconstrained build operations Thread 54" [_thread_blocked, id=31400, stack(0x000000f059800000,0x000000f059900000)]
  0x0000026bcab92000 JavaThread "Unconstrained build operations Thread 55" [_thread_blocked, id=22224, stack(0x000000f059900000,0x000000f059a00000)]
  0x0000026bcab91000 JavaThread "Unconstrained build operations Thread 56" [_thread_blocked, id=29476, stack(0x000000f059a00000,0x000000f059b00000)]
  0x0000026bcab93000 JavaThread "Unconstrained build operations Thread 57" [_thread_blocked, id=3300, stack(0x000000f059b00000,0x000000f059c00000)]
  0x0000026bcab93800 JavaThread "Unconstrained build operations Thread 58" [_thread_blocked, id=11560, stack(0x000000f059c00000,0x000000f059d00000)]
  0x0000026bcab8e000 JavaThread "Unconstrained build operations Thread 59" [_thread_blocked, id=13324, stack(0x000000f059d00000,0x000000f059e00000)]
  0x0000026bcab98800 JavaThread "Unconstrained build operations Thread 60" [_thread_blocked, id=28260, stack(0x000000f059e00000,0x000000f059f00000)]
  0x0000026bcab96000 JavaThread "Unconstrained build operations Thread 61" [_thread_blocked, id=3012, stack(0x000000f059f00000,0x000000f05a000000)]
  0x0000026bcab98000 JavaThread "Unconstrained build operations Thread 62" [_thread_blocked, id=25924, stack(0x000000f05a000000,0x000000f05a100000)]
  0x0000026bcab97000 JavaThread "Unconstrained build operations Thread 63" [_thread_blocked, id=18036, stack(0x000000f05a100000,0x000000f05a200000)]
  0x0000026bcab94800 JavaThread "Unconstrained build operations Thread 64" [_thread_blocked, id=15164, stack(0x000000f05a200000,0x000000f05a300000)]
  0x0000026bcab99800 JavaThread "Unconstrained build operations Thread 65" [_thread_blocked, id=19192, stack(0x000000f05a300000,0x000000f05a400000)]
  0x0000026bcab95800 JavaThread "Unconstrained build operations Thread 66" [_thread_blocked, id=29784, stack(0x000000f05a400000,0x000000f05a500000)]
  0x0000026bcb3ea000 JavaThread "Unconstrained build operations Thread 67" [_thread_blocked, id=33220, stack(0x000000f05a500000,0x000000f05a600000)]
  0x0000026bcb3e9000 JavaThread "Unconstrained build operations Thread 68" [_thread_blocked, id=14904, stack(0x000000f05a600000,0x000000f05a700000)]
  0x0000026bcb3eb000 JavaThread "Unconstrained build operations Thread 69" [_thread_blocked, id=22564, stack(0x000000f05a700000,0x000000f05a800000)]
  0x0000026bcb3e6000 JavaThread "Unconstrained build operations Thread 70" [_thread_blocked, id=23932, stack(0x000000f05a800000,0x000000f05a900000)]
  0x0000026bcb3eb800 JavaThread "Unconstrained build operations Thread 71" [_thread_blocked, id=21724, stack(0x000000f05a900000,0x000000f05aa00000)]
  0x0000026bcb3e8800 JavaThread "Unconstrained build operations Thread 72" [_thread_blocked, id=31928, stack(0x000000f05aa00000,0x000000f05ab00000)]
  0x0000026bcb3e6800 JavaThread "Unconstrained build operations Thread 73" [_thread_blocked, id=36020, stack(0x000000f05ab00000,0x000000f05ac00000)]
  0x0000026bcb3ec800 JavaThread "Unconstrained build operations Thread 74" [_thread_blocked, id=13616, stack(0x000000f05ac00000,0x000000f05ad00000)]
  0x0000026bcb3ed800 JavaThread "Unconstrained build operations Thread 75" [_thread_blocked, id=27076, stack(0x000000f05ad00000,0x000000f05ae00000)]
  0x0000026bcb3e7800 JavaThread "Unconstrained build operations Thread 76" [_thread_blocked, id=16692, stack(0x000000f05ae00000,0x000000f05af00000)]
  0x0000026bcb3f4000 JavaThread "Unconstrained build operations Thread 77" [_thread_blocked, id=8640, stack(0x000000f05af00000,0x000000f05b000000)]
  0x0000026bcb3f0800 JavaThread "Unconstrained build operations Thread 78" [_thread_blocked, id=4932, stack(0x000000f05b000000,0x000000f05b100000)]
  0x0000026bcb3ee000 JavaThread "Unconstrained build operations Thread 79" [_thread_blocked, id=1788, stack(0x000000f05b100000,0x000000f05b200000)]
  0x0000026bcb3f1800 JavaThread "Unconstrained build operations Thread 80" [_thread_blocked, id=21904, stack(0x000000f05b200000,0x000000f05b300000)]
  0x0000026bcb3f4800 JavaThread "Unconstrained build operations Thread 81" [_thread_blocked, id=18820, stack(0x000000f05b300000,0x000000f05b400000)]
  0x0000026bcb3ef000 JavaThread "Unconstrained build operations Thread 82" [_thread_blocked, id=24724, stack(0x000000f05b400000,0x000000f05b500000)]
  0x0000026bcb3f3000 JavaThread "Unconstrained build operations Thread 83" [_thread_blocked, id=32604, stack(0x000000f05b500000,0x000000f05b600000)]
  0x0000026bcb3f2000 JavaThread "Unconstrained build operations Thread 84" [_thread_blocked, id=18996, stack(0x000000f05b600000,0x000000f05b700000)]
  0x0000026bcb3ef800 JavaThread "Unconstrained build operations Thread 85" [_thread_blocked, id=21284, stack(0x000000f05b700000,0x000000f05b800000)]
  0x0000026bca565000 JavaThread "Unconstrained build operations Thread 86" [_thread_blocked, id=2236, stack(0x000000f05b800000,0x000000f05b900000)]
  0x0000026bca566000 JavaThread "Unconstrained build operations Thread 87" [_thread_blocked, id=24464, stack(0x000000f05b900000,0x000000f05ba00000)]
  0x0000026bca563800 JavaThread "Unconstrained build operations Thread 88" [_thread_blocked, id=19480, stack(0x000000f05ba00000,0x000000f05bb00000)]
  0x0000026bca560000 JavaThread "Unconstrained build operations Thread 89" [_thread_blocked, id=19692, stack(0x000000f05bb00000,0x000000f05bc00000)]
  0x0000026bca566800 JavaThread "Unconstrained build operations Thread 90" [_thread_blocked, id=21432, stack(0x000000f05bc00000,0x000000f05bd00000)]
  0x0000026bca561000 JavaThread "Unconstrained build operations Thread 91" [_thread_blocked, id=8720, stack(0x000000f05bd00000,0x000000f05be00000)]
  0x0000026bca567800 JavaThread "Unconstrained build operations Thread 92" [_thread_blocked, id=17660, stack(0x000000f05be00000,0x000000f05bf00000)]
  0x0000026bca561800 JavaThread "Unconstrained build operations Thread 93" [_thread_blocked, id=22940, stack(0x000000f05bf00000,0x000000f05c000000)]
  0x0000026bca568000 JavaThread "Unconstrained build operations Thread 94" [_thread_blocked, id=6080, stack(0x000000f05c000000,0x000000f05c100000)]
  0x0000026bca562800 JavaThread "Unconstrained build operations Thread 95" [_thread_blocked, id=15120, stack(0x000000f05c100000,0x000000f05c200000)]
  0x0000026bca569000 JavaThread "Unconstrained build operations Thread 96" [_thread_blocked, id=29728, stack(0x000000f05c200000,0x000000f05c300000)]
  0x0000026bca56a000 JavaThread "Unconstrained build operations Thread 97" [_thread_blocked, id=31940, stack(0x000000f05c300000,0x000000f05c400000)]
  0x0000026bca564000 JavaThread "Unconstrained build operations Thread 98" [_thread_blocked, id=13124, stack(0x000000f05c400000,0x000000f05c500000)]
  0x0000026bca56c800 JavaThread "Unconstrained build operations Thread 99" [_thread_blocked, id=23996, stack(0x000000f05c500000,0x000000f05c600000)]
  0x0000026bca56d000 JavaThread "Unconstrained build operations Thread 100" [_thread_blocked, id=22992, stack(0x000000f05c600000,0x000000f05c700000)]
  0x0000026bca56e000 JavaThread "Unconstrained build operations Thread 101" [_thread_blocked, id=12120, stack(0x000000f05c700000,0x000000f05c800000)]
  0x0000026bca56a800 JavaThread "Unconstrained build operations Thread 102" [_thread_blocked, id=6180, stack(0x000000f05c800000,0x000000f05c900000)]
  0x0000026bca56f000 JavaThread "Unconstrained build operations Thread 103" [_thread_blocked, id=13764, stack(0x000000f05c900000,0x000000f05ca00000)]
  0x0000026bca56b800 JavaThread "Unconstrained build operations Thread 104" [_thread_blocked, id=22192, stack(0x000000f05ca00000,0x000000f05cb00000)]
  0x0000026bc88c3000 JavaThread "Unconstrained build operations Thread 105" [_thread_blocked, id=30148, stack(0x000000f05cb00000,0x000000f05cc00000)]
  0x0000026bc88c4800 JavaThread "Unconstrained build operations Thread 106" [_thread_blocked, id=23516, stack(0x000000f05cc00000,0x000000f05cd00000)]
  0x0000026bc88c1800 JavaThread "Unconstrained build operations Thread 107" [_thread_blocked, id=31040, stack(0x000000f05cd00000,0x000000f05ce00000)]
  0x0000026bc88c8000 JavaThread "Unconstrained build operations Thread 108" [_thread_blocked, id=2420, stack(0x000000f05ce00000,0x000000f05cf00000)]
  0x0000026bc88c4000 JavaThread "Unconstrained build operations Thread 109" [_thread_blocked, id=9940, stack(0x000000f05cf00000,0x000000f05d000000)]
  0x0000026bc88c6000 JavaThread "Unconstrained build operations Thread 110" [_thread_blocked, id=10312, stack(0x000000f05d000000,0x000000f05d100000)]
  0x0000026bc88c5800 JavaThread "Unconstrained build operations Thread 111" [_thread_blocked, id=14396, stack(0x000000f05d100000,0x000000f05d200000)]
  0x0000026bc88c7000 JavaThread "Unconstrained build operations Thread 112" [_thread_blocked, id=24324, stack(0x000000f05d200000,0x000000f05d300000)]
  0x0000026bc88c2000 JavaThread "Unconstrained build operations Thread 113" [_thread_blocked, id=23976, stack(0x000000f05d300000,0x000000f05d400000)]
  0x0000026bc88ca800 JavaThread "Unconstrained build operations Thread 114" [_thread_blocked, id=26552, stack(0x000000f05d400000,0x000000f05d500000)]
  0x0000026bc88cd800 JavaThread "Unconstrained build operations Thread 115" [_thread_blocked, id=30056, stack(0x000000f05d500000,0x000000f05d600000)]
  0x0000026bc88c8800 JavaThread "Unconstrained build operations Thread 116" [_thread_blocked, id=8580, stack(0x000000f05d600000,0x000000f05d700000)]
  0x0000026bc88c9800 JavaThread "Unconstrained build operations Thread 117" [_thread_blocked, id=9920, stack(0x000000f05d700000,0x000000f05d800000)]
  0x0000026bc88cb000 JavaThread "Unconstrained build operations Thread 118" [_thread_blocked, id=30208, stack(0x000000f05d800000,0x000000f05d900000)]
  0x0000026bc88ce800 JavaThread "Unconstrained build operations Thread 119" [_thread_blocked, id=30984, stack(0x000000f05d900000,0x000000f05da00000)]
  0x0000026bc88cf000 JavaThread "Unconstrained build operations Thread 120" [_thread_blocked, id=22144, stack(0x000000f05da00000,0x000000f05db00000)]

Other Threads:
  0x0000026bc39b9800 VMThread "VM Thread" [stack: 0x000000f051600000,0x000000f051700000] [id=21772]
  0x0000026bc44e2000 WatcherThread [stack: 0x000000f052000000,0x000000f052100000] [id=13380]
  0x0000026ba556e800 GCTaskThread "GC Thread#0" [stack: 0x000000f051100000,0x000000f051200000] [id=30360]
  0x0000026bc4dad800 GCTaskThread "GC Thread#1" [stack: 0x000000f052100000,0x000000f052200000] [id=33352]
  0x0000026bc5ba9000 GCTaskThread "GC Thread#2" [stack: 0x000000f052c00000,0x000000f052d00000] [id=34668]
  0x0000026bc4b26800 GCTaskThread "GC Thread#3" [stack: 0x000000f052d00000,0x000000f052e00000] [id=20736]
  0x0000026bc4b27800 GCTaskThread "GC Thread#4" [stack: 0x000000f052e00000,0x000000f052f00000] [id=16800]
  0x0000026bc4b28000 GCTaskThread "GC Thread#5" [stack: 0x000000f052f00000,0x000000f053000000] [id=18788]
  0x0000026bc46f4000 GCTaskThread "GC Thread#6" [stack: 0x000000f053000000,0x000000f053100000] [id=11912]
  0x0000026bc46f4800 GCTaskThread "GC Thread#7" [stack: 0x000000f053100000,0x000000f053200000] [id=20864]
  0x0000026bc46f5800 GCTaskThread "GC Thread#8" [stack: 0x000000f053200000,0x000000f053300000] [id=16388]
  0x0000026bc58ab800 GCTaskThread "GC Thread#9" [stack: 0x000000f053300000,0x000000f053400000] [id=13996]
  0x0000026ba348d800 ConcurrentGCThread "G1 Main Marker" [stack: 0x000000f051200000,0x000000f051300000] [id=8144]
  0x0000026ba348e800 ConcurrentGCThread "G1 Conc#0" [stack: 0x000000f051300000,0x000000f051400000] [id=12056]
  0x0000026bc4686800 ConcurrentGCThread "G1 Conc#1" [stack: 0x000000f053700000,0x000000f053800000] [id=17184]
  0x0000026bc53ed000 ConcurrentGCThread "G1 Conc#2" [stack: 0x000000f053800000,0x000000f053900000] [id=35924]
  0x0000026ba561e800 ConcurrentGCThread "G1 Refine#0" [stack: 0x000000f051400000,0x000000f051500000] [id=3452]
  0x0000026bc585e000 ConcurrentGCThread "G1 Refine#1" [stack: 0x000000f053400000,0x000000f053500000] [id=12212]
  0x0000026bc3829000 ConcurrentGCThread "G1 Young RemSet Sampling" [stack: 0x000000f051500000,0x000000f051600000] [id=23052]

Threads with active compile tasks:
C2 CompilerThread0   100732 11146       4       sun.reflect.generics.visitor.Reifier::visitClassTypeSignature (381 bytes)

VM state:not at safepoint (normal execution)

VM Mutex/Monitor currently owned by a thread: None

Heap address: 0x0000000080000000, size: 2048 MB, Compressed Oops mode: 32-bit
Narrow klass base: 0x0000000000000000, Narrow klass shift: 3
Compressed class space size: 528482304 Address: 0x0000000100000000

Heap:
 garbage-first heap   total 125952K, used 117112K [0x0000000080000000, 0x0000000100000000)
  region size 1024K, 2 young (2048K), 1 survivors (1024K)
 Metaspace       used 94576K, capacity 97654K, committed 97884K, reserved 602112K
  class space    used 12632K, capacity 13887K, committed 13900K, reserved 516096K
Heap Regions: E=young(eden), S=young(survivor), O=old, HS=humongous(starts), HC=humongous(continues), CS=collection set, F=free, A=archive, TAMS=top-at-mark-start (previous, next)
|   0|0x0000000080000000, 0x0000000080100000, 0x0000000080100000|100%|HS|  |TAMS 0x0000000080100000, 0x0000000080100000| Complete 
|   1|0x0000000080100000, 0x0000000080200000, 0x0000000080200000|100%|HC|  |TAMS 0x0000000080200000, 0x0000000080200000| Complete 
|   2|0x0000000080200000, 0x0000000080300000, 0x0000000080300000|100%|HC|  |TAMS 0x0000000080300000, 0x0000000080300000| Complete 
|   3|0x0000000080300000, 0x0000000080400000, 0x0000000080400000|100%|HC|  |TAMS 0x0000000080400000, 0x0000000080400000| Complete 
|   4|0x0000000080400000, 0x0000000080500000, 0x0000000080500000|100%| O|  |TAMS 0x0000000080500000, 0x0000000080500000| Untracked 
|   5|0x0000000080500000, 0x0000000080600000, 0x0000000080600000|100%| O|  |TAMS 0x0000000080600000, 0x0000000080600000| Untracked 
|   6|0x0000000080600000, 0x0000000080700000, 0x0000000080700000|100%| O|  |TAMS 0x0000000080700000, 0x0000000080700000| Untracked 
|   7|0x0000000080700000, 0x0000000080800000, 0x0000000080800000|100%| O|  |TAMS 0x0000000080800000, 0x0000000080800000| Untracked 
|   8|0x0000000080800000, 0x0000000080900000, 0x0000000080900000|100%| O|  |TAMS 0x0000000080900000, 0x0000000080900000| Untracked 
|   9|0x0000000080900000, 0x0000000080a00000, 0x0000000080a00000|100%| O|  |TAMS 0x0000000080a00000, 0x0000000080a00000| Untracked 
|  10|0x0000000080a00000, 0x0000000080b00000, 0x0000000080b00000|100%| O|  |TAMS 0x0000000080b00000, 0x0000000080b00000| Untracked 
|  11|0x0000000080b00000, 0x0000000080c00000, 0x0000000080c00000|100%| O|  |TAMS 0x0000000080c00000, 0x0000000080c00000| Untracked 
|  12|0x0000000080c00000, 0x0000000080d00000, 0x0000000080d00000|100%| O|  |TAMS 0x0000000080d00000, 0x0000000080d00000| Untracked 
|  13|0x0000000080d00000, 0x0000000080e00000, 0x0000000080e00000|100%| O|  |TAMS 0x0000000080e00000, 0x0000000080e00000| Untracked 
|  14|0x0000000080e00000, 0x0000000080f00000, 0x0000000080f00000|100%| O|  |TAMS 0x0000000080f00000, 0x0000000080f00000| Untracked 
|  15|0x0000000080f00000, 0x0000000081000000, 0x0000000081000000|100%| O|  |TAMS 0x0000000081000000, 0x0000000081000000| Untracked 
|  16|0x0000000081000000, 0x0000000081100000, 0x0000000081100000|100%| O|  |TAMS 0x0000000081100000, 0x0000000081100000| Untracked 
|  17|0x0000000081100000, 0x0000000081200000, 0x0000000081200000|100%| O|  |TAMS 0x0000000081200000, 0x0000000081200000| Untracked 
|  18|0x0000000081200000, 0x0000000081300000, 0x0000000081300000|100%| O|  |TAMS 0x0000000081300000, 0x0000000081300000| Untracked 
|  19|0x0000000081300000, 0x0000000081400000, 0x0000000081400000|100%| O|  |TAMS 0x0000000081400000, 0x0000000081400000| Untracked 
|  20|0x0000000081400000, 0x0000000081500000, 0x0000000081500000|100%| O|  |TAMS 0x0000000081500000, 0x0000000081500000| Untracked 
|  21|0x0000000081500000, 0x0000000081600000, 0x0000000081600000|100%| O|  |TAMS 0x0000000081600000, 0x0000000081600000| Untracked 
|  22|0x0000000081600000, 0x0000000081700000, 0x0000000081700000|100%| O|  |TAMS 0x0000000081700000, 0x0000000081700000| Untracked 
|  23|0x0000000081700000, 0x0000000081800000, 0x0000000081800000|100%| O|  |TAMS 0x0000000081800000, 0x0000000081800000| Untracked 
|  24|0x0000000081800000, 0x0000000081900000, 0x0000000081900000|100%| O|  |TAMS 0x0000000081900000, 0x0000000081900000| Untracked 
|  25|0x0000000081900000, 0x0000000081a00000, 0x0000000081a00000|100%| O|  |TAMS 0x0000000081a00000, 0x0000000081a00000| Untracked 
|  26|0x0000000081a00000, 0x0000000081b00000, 0x0000000081b00000|100%| O|  |TAMS 0x0000000081b00000, 0x0000000081b00000| Untracked 
|  27|0x0000000081b00000, 0x0000000081c00000, 0x0000000081c00000|100%| O|  |TAMS 0x0000000081c00000, 0x0000000081c00000| Untracked 
|  28|0x0000000081c00000, 0x0000000081d00000, 0x0000000081d00000|100%| O|  |TAMS 0x0000000081d00000, 0x0000000081d00000| Untracked 
|  29|0x0000000081d00000, 0x0000000081e00000, 0x0000000081e00000|100%| O|  |TAMS 0x0000000081e00000, 0x0000000081e00000| Untracked 
|  30|0x0000000081e00000, 0x0000000081f00000, 0x0000000081f00000|100%| O|  |TAMS 0x0000000081f00000, 0x0000000081f00000| Untracked 
|  31|0x0000000081f00000, 0x0000000082000000, 0x0000000082000000|100%|HS|  |TAMS 0x0000000082000000, 0x0000000082000000| Complete 
|  32|0x0000000082000000, 0x0000000082100000, 0x0000000082100000|100%|HC|  |TAMS 0x0000000082100000, 0x0000000082100000| Complete 
|  33|0x0000000082100000, 0x0000000082200000, 0x0000000082200000|100%|HS|  |TAMS 0x0000000082200000, 0x0000000082200000| Complete 
|  34|0x0000000082200000, 0x0000000082300000, 0x0000000082300000|100%|HC|  |TAMS 0x0000000082300000, 0x0000000082300000| Complete 
|  35|0x0000000082300000, 0x0000000082400000, 0x0000000082400000|100%|HC|  |TAMS 0x0000000082400000, 0x0000000082400000| Complete 
|  36|0x0000000082400000, 0x0000000082500000, 0x0000000082500000|100%|HC|  |TAMS 0x0000000082500000, 0x0000000082500000| Complete 
|  37|0x0000000082500000, 0x0000000082600000, 0x0000000082600000|100%| O|  |TAMS 0x0000000082600000, 0x0000000082600000| Untracked 
|  38|0x0000000082600000, 0x0000000082700000, 0x0000000082700000|100%| O|  |TAMS 0x0000000082700000, 0x0000000082700000| Untracked 
|  39|0x0000000082700000, 0x0000000082800000, 0x0000000082800000|100%| O|  |TAMS 0x0000000082800000, 0x0000000082800000| Untracked 
|  40|0x0000000082800000, 0x0000000082900000, 0x0000000082900000|100%| O|  |TAMS 0x0000000082900000, 0x0000000082900000| Untracked 
|  41|0x0000000082900000, 0x0000000082a00000, 0x0000000082a00000|100%| O|  |TAMS 0x0000000082a00000, 0x0000000082a00000| Untracked 
|  42|0x0000000082a00000, 0x0000000082b00000, 0x0000000082b00000|100%| O|  |TAMS 0x0000000082b00000, 0x0000000082b00000| Untracked 
|  43|0x0000000082b00000, 0x0000000082c00000, 0x0000000082c00000|100%| O|  |TAMS 0x0000000082c00000, 0x0000000082c00000| Untracked 
|  44|0x0000000082c00000, 0x0000000082d00000, 0x0000000082d00000|100%| O|  |TAMS 0x0000000082d00000, 0x0000000082d00000| Untracked 
|  45|0x0000000082d00000, 0x0000000082e00000, 0x0000000082e00000|100%| O|  |TAMS 0x0000000082e00000, 0x0000000082e00000| Untracked 
|  46|0x0000000082e00000, 0x0000000082f00000, 0x0000000082f00000|100%| O|  |TAMS 0x0000000082f00000, 0x0000000082f00000| Untracked 
|  47|0x0000000082f00000, 0x0000000083000000, 0x0000000083000000|100%| O|  |TAMS 0x0000000083000000, 0x0000000083000000| Untracked 
|  48|0x0000000083000000, 0x0000000083100000, 0x0000000083100000|100%| O|  |TAMS 0x0000000083100000, 0x0000000083100000| Untracked 
|  49|0x0000000083100000, 0x0000000083200000, 0x0000000083200000|100%|HS|  |TAMS 0x0000000083200000, 0x0000000083200000| Complete 
|  50|0x0000000083200000, 0x0000000083300000, 0x0000000083300000|100%|HS|  |TAMS 0x0000000083300000, 0x0000000083300000| Complete 
|  51|0x0000000083300000, 0x0000000083400000, 0x0000000083400000|100%| O|  |TAMS 0x0000000083400000, 0x0000000083400000| Untracked 
|  52|0x0000000083400000, 0x0000000083500000, 0x0000000083500000|100%| O|  |TAMS 0x0000000083500000, 0x0000000083500000| Untracked 
|  53|0x0000000083500000, 0x0000000083600000, 0x0000000083600000|100%| O|  |TAMS 0x0000000083600000, 0x0000000083600000| Untracked 
|  54|0x0000000083600000, 0x0000000083700000, 0x0000000083700000|100%| O|  |TAMS 0x0000000083700000, 0x0000000083700000| Untracked 
|  55|0x0000000083700000, 0x0000000083800000, 0x0000000083800000|100%| O|  |TAMS 0x0000000083800000, 0x0000000083800000| Untracked 
|  56|0x0000000083800000, 0x0000000083900000, 0x0000000083900000|100%| O|  |TAMS 0x0000000083900000, 0x0000000083900000| Untracked 
|  57|0x0000000083900000, 0x0000000083a00000, 0x0000000083a00000|100%| O|  |TAMS 0x0000000083a00000, 0x0000000083a00000| Untracked 
|  58|0x0000000083a00000, 0x0000000083b00000, 0x0000000083b00000|100%| O|  |TAMS 0x0000000083b00000, 0x0000000083b00000| Untracked 
|  59|0x0000000083b00000, 0x0000000083c00000, 0x0000000083c00000|100%| O|  |TAMS 0x0000000083c00000, 0x0000000083c00000| Untracked 
|  60|0x0000000083c00000, 0x0000000083d00000, 0x0000000083d00000|100%| O|  |TAMS 0x0000000083d00000, 0x0000000083d00000| Untracked 
|  61|0x0000000083d00000, 0x0000000083e00000, 0x0000000083e00000|100%| O|  |TAMS 0x0000000083e00000, 0x0000000083e00000| Untracked 
|  62|0x0000000083e00000, 0x0000000083f00000, 0x0000000083f00000|100%| O|  |TAMS 0x0000000083f00000, 0x0000000083f00000| Untracked 
|  63|0x0000000083f00000, 0x0000000084000000, 0x0000000084000000|100%| O|  |TAMS 0x0000000084000000, 0x0000000084000000| Untracked 
|  64|0x0000000084000000, 0x0000000084100000, 0x0000000084100000|100%| O|  |TAMS 0x0000000084100000, 0x0000000084100000| Untracked 
|  65|0x0000000084100000, 0x0000000084200000, 0x0000000084200000|100%| O|  |TAMS 0x0000000084200000, 0x0000000084200000| Untracked 
|  66|0x0000000084200000, 0x0000000084300000, 0x0000000084300000|100%| O|  |TAMS 0x0000000084300000, 0x0000000084300000| Untracked 
|  67|0x0000000084300000, 0x0000000084400000, 0x0000000084400000|100%| O|  |TAMS 0x0000000084400000, 0x0000000084400000| Untracked 
|  68|0x0000000084400000, 0x0000000084500000, 0x0000000084500000|100%| O|  |TAMS 0x0000000084500000, 0x0000000084500000| Untracked 
|  69|0x0000000084500000, 0x0000000084600000, 0x0000000084600000|100%| O|  |TAMS 0x0000000084600000, 0x0000000084600000| Untracked 
|  70|0x0000000084600000, 0x0000000084700000, 0x0000000084700000|100%| O|  |TAMS 0x0000000084700000, 0x0000000084700000| Untracked 
|  71|0x0000000084700000, 0x0000000084800000, 0x0000000084800000|100%| O|  |TAMS 0x0000000084800000, 0x0000000084800000| Untracked 
|  72|0x0000000084800000, 0x0000000084900000, 0x0000000084900000|100%| O|  |TAMS 0x0000000084900000, 0x0000000084900000| Untracked 
|  73|0x0000000084900000, 0x0000000084a00000, 0x0000000084a00000|100%| O|  |TAMS 0x0000000084a00000, 0x0000000084a00000| Untracked 
|  74|0x0000000084a00000, 0x0000000084b00000, 0x0000000084b00000|100%| O|  |TAMS 0x0000000084b00000, 0x0000000084b00000| Untracked 
|  75|0x0000000084b00000, 0x0000000084c00000, 0x0000000084c00000|100%| O|  |TAMS 0x0000000084c00000, 0x0000000084c00000| Untracked 
|  76|0x0000000084c00000, 0x0000000084d00000, 0x0000000084d00000|100%| O|  |TAMS 0x0000000084d00000, 0x0000000084d00000| Untracked 
|  77|0x0000000084d00000, 0x0000000084e00000, 0x0000000084e00000|100%| O|  |TAMS 0x0000000084e00000, 0x0000000084e00000| Untracked 
|  78|0x0000000084e00000, 0x0000000084f00000, 0x0000000084f00000|100%| O|  |TAMS 0x0000000084f00000, 0x0000000084f00000| Untracked 
|  79|0x0000000084f00000, 0x0000000085000000, 0x0000000085000000|100%| O|  |TAMS 0x0000000085000000, 0x0000000085000000| Untracked 
|  80|0x0000000085000000, 0x0000000085100000, 0x0000000085100000|100%| O|  |TAMS 0x0000000085100000, 0x0000000085100000| Untracked 
|  81|0x0000000085100000, 0x0000000085200000, 0x0000000085200000|100%| O|  |TAMS 0x0000000085200000, 0x0000000085200000| Untracked 
|  82|0x0000000085200000, 0x0000000085300000, 0x0000000085300000|100%| O|  |TAMS 0x0000000085300000, 0x0000000085300000| Untracked 
|  83|0x0000000085300000, 0x0000000085400000, 0x0000000085400000|100%|HS|  |TAMS 0x0000000085400000, 0x0000000085400000| Complete 
|  84|0x0000000085400000, 0x0000000085500000, 0x0000000085500000|100%|HC|  |TAMS 0x0000000085500000, 0x0000000085500000| Complete 
|  85|0x0000000085500000, 0x0000000085600000, 0x0000000085600000|100%|HS|  |TAMS 0x0000000085600000, 0x0000000085600000| Complete 
|  86|0x0000000085600000, 0x0000000085700000, 0x0000000085700000|100%|HC|  |TAMS 0x0000000085700000, 0x0000000085700000| Complete 
|  87|0x0000000085700000, 0x0000000085800000, 0x0000000085800000|100%|HC|  |TAMS 0x0000000085800000, 0x0000000085800000| Complete 
|  88|0x0000000085800000, 0x0000000085900000, 0x0000000085900000|100%|HC|  |TAMS 0x0000000085900000, 0x0000000085900000| Complete 
|  89|0x0000000085900000, 0x0000000085a00000, 0x0000000085a00000|100%| O|  |TAMS 0x0000000085a00000, 0x0000000085a00000| Untracked 
|  90|0x0000000085a00000, 0x0000000085b00000, 0x0000000085b00000|100%| O|  |TAMS 0x0000000085b00000, 0x0000000085b00000| Untracked 
|  91|0x0000000085b00000, 0x0000000085c00000, 0x0000000085c00000|100%| O|  |TAMS 0x0000000085c00000, 0x0000000085c00000| Untracked 
|  92|0x0000000085c00000, 0x0000000085d00000, 0x0000000085d00000|100%| O|  |TAMS 0x0000000085d00000, 0x0000000085d00000| Untracked 
|  93|0x0000000085d00000, 0x0000000085e00000, 0x0000000085e00000|100%| O|  |TAMS 0x0000000085e00000, 0x0000000085e00000| Untracked 
|  94|0x0000000085e00000, 0x0000000085f00000, 0x0000000085f00000|100%| O|  |TAMS 0x0000000085f00000, 0x0000000085f00000| Untracked 
|  95|0x0000000085f00000, 0x0000000086000000, 0x0000000086000000|100%| O|  |TAMS 0x0000000086000000, 0x0000000086000000| Untracked 
|  96|0x0000000086000000, 0x0000000086000000, 0x0000000086100000|  0%| F|  |TAMS 0x0000000086000000, 0x0000000086000000| Untracked 
|  97|0x0000000086100000, 0x0000000086200000, 0x0000000086200000|100%| O|  |TAMS 0x0000000086200000, 0x0000000086200000| Untracked 
|  98|0x0000000086200000, 0x00000000862c6a00, 0x0000000086300000| 77%| O|  |TAMS 0x0000000086200000, 0x00000000862c6a00| Untracked 
|  99|0x0000000086300000, 0x0000000086300000, 0x0000000086400000|  0%| F|  |TAMS 0x0000000086300000, 0x0000000086300000| Untracked 
| 100|0x0000000086400000, 0x0000000086500000, 0x0000000086500000|100%|HS|  |TAMS 0x0000000086500000, 0x0000000086500000| Complete 
| 101|0x0000000086500000, 0x0000000086600000, 0x0000000086600000|100%|HS|  |TAMS 0x0000000086600000, 0x0000000086600000| Complete 
| 102|0x0000000086600000, 0x0000000086700000, 0x0000000086700000|100%|HS|  |TAMS 0x0000000086700000, 0x0000000086700000| Complete 
| 103|0x0000000086700000, 0x0000000086800000, 0x0000000086800000|100%| O|  |TAMS 0x0000000086800000, 0x0000000086800000| Untracked 
| 104|0x0000000086800000, 0x0000000086900000, 0x0000000086900000|100%| O|  |TAMS 0x0000000086900000, 0x0000000086900000| Untracked 
| 105|0x0000000086900000, 0x0000000086a00000, 0x0000000086a00000|100%|HS|  |TAMS 0x0000000086a00000, 0x0000000086a00000| Complete 
| 106|0x0000000086a00000, 0x0000000086b00000, 0x0000000086b00000|100%|HC|  |TAMS 0x0000000086b00000, 0x0000000086b00000| Complete 
| 107|0x0000000086b00000, 0x0000000086c00000, 0x0000000086c00000|100%|HC|  |TAMS 0x0000000086c00000, 0x0000000086c00000| Complete 
| 108|0x0000000086c00000, 0x0000000086d00000, 0x0000000086d00000|100%| O|  |TAMS 0x0000000086d00000, 0x0000000086d00000| Untracked 
| 109|0x0000000086d00000, 0x0000000086e00000, 0x0000000086e00000|100%| O|  |TAMS 0x0000000086e00000, 0x0000000086e00000| Untracked 
| 110|0x0000000086e00000, 0x0000000086f00000, 0x0000000086f00000|100%|HS|  |TAMS 0x0000000086f00000, 0x0000000086f00000| Complete 
| 111|0x0000000086f00000, 0x0000000087000000, 0x0000000087000000|100%|HC|  |TAMS 0x0000000087000000, 0x0000000087000000| Complete 
| 112|0x0000000087000000, 0x0000000087000000, 0x0000000087100000|  0%| F|  |TAMS 0x0000000087000000, 0x0000000087000000| Untracked 
| 113|0x0000000087100000, 0x0000000087197940, 0x0000000087200000| 59%| S|CS|TAMS 0x0000000087100000, 0x0000000087100000| Complete 
| 114|0x0000000087200000, 0x0000000087200000, 0x0000000087300000|  0%| F|  |TAMS 0x0000000087200000, 0x0000000087200000| Untracked 
| 115|0x0000000087300000, 0x0000000087300000, 0x0000000087400000|  0%| F|  |TAMS 0x0000000087300000, 0x0000000087300000| Untracked 
| 116|0x0000000087400000, 0x0000000087400000, 0x0000000087500000|  0%| F|  |TAMS 0x0000000087400000, 0x0000000087400000| Untracked 
| 117|0x0000000087500000, 0x0000000087500000, 0x0000000087600000|  0%| F|  |TAMS 0x0000000087500000, 0x0000000087500000| Untracked 
| 118|0x0000000087600000, 0x0000000087700000, 0x0000000087700000|100%| O|  |TAMS 0x0000000087700000, 0x0000000087700000| Untracked 
| 119|0x0000000087700000, 0x0000000087800000, 0x0000000087800000|100%| O|  |TAMS 0x0000000087800000, 0x0000000087800000| Untracked 
| 120|0x0000000087800000, 0x000000008784bb68, 0x0000000087900000| 29%| E|  |TAMS 0x0000000087800000, 0x0000000087800000| Complete 
| 121|0x0000000087900000, 0x0000000087a00000, 0x0000000087a00000|100%| O|  |TAMS 0x0000000087a00000, 0x0000000087a00000| Untracked 
| 122|0x0000000087a00000, 0x0000000087b00000, 0x0000000087b00000|100%| O|  |TAMS 0x0000000087a8b000, 0x0000000087b00000| Untracked 

Card table byte_map: [0x0000026bbc570000,0x0000026bbc970000] _byte_map_base: 0x0000026bbc170000

Marking Bits (Prev, Next): (CMBitMap*) 0x0000026ba5593860, (CMBitMap*) 0x0000026ba5593828
 Prev Bits: [0x0000026bbed70000, 0x0000026bc0d70000)
 Next Bits: [0x0000026bbcd70000, 0x0000026bbed70000)

Polling page: 0x0000026ba34d0000

Metaspace:

Usage:
  Non-class:     81.80 MB capacity,    80.03 MB ( 98%) used,     1.49 MB (  2%) free+waste,   298.56 KB ( <1%) overhead. 
      Class:     13.56 MB capacity,    12.34 MB ( 91%) used,     1.08 MB (  8%) free+waste,   143.06 KB (  1%) overhead. 
       Both:     95.37 MB capacity,    92.37 MB ( 97%) used,     2.57 MB (  3%) free+waste,   441.62 KB ( <1%) overhead. 

Virtual space:
  Non-class space:       84.00 MB reserved,      82.02 MB ( 98%) committed 
      Class space:      504.00 MB reserved,      13.57 MB (  3%) committed 
             Both:      588.00 MB reserved,      95.59 MB ( 16%) committed 

Chunk freelists:
   Non-Class:  3.12 KB
       Class:  128 bytes
        Both:  3.25 KB

CodeHeap 'non-profiled nmethods': size=120000Kb used=6074Kb max_used=6074Kb free=113925Kb
 bounds [0x0000026bb46f0000, 0x0000026bb4ce0000, 0x0000026bbbc20000]
CodeHeap 'profiled nmethods': size=120000Kb used=24688Kb max_used=24688Kb free=95311Kb
 bounds [0x0000026bad1c0000, 0x0000026bae9e0000, 0x0000026bb46f0000]
CodeHeap 'non-nmethods': size=5760Kb used=2310Kb max_used=2362Kb free=3450Kb
 bounds [0x0000026bacc20000, 0x0000026bace90000, 0x0000026bad1c0000]
 total_blobs=11926 nmethods=11002 adapters=835
 compilation: enabled
              stopped_count=0, restarted_count=0
 full_count=0

Compilation events (10 events):
Event: 100.557 Thread 0x0000026bc39e6800 11144       3       java.util.ComparableTimSort::mergeCollapse (134 bytes)
Event: 100.558 Thread 0x0000026bc39e6800 nmethod 11144 0x0000026bae9d7f10 code [0x0000026bae9d8100, 0x0000026bae9d8628]
Event: 100.558 Thread 0x0000026bc39e6800 11143       3       com.google.common.collect.FluentIterable::<init> (12 bytes)
Event: 100.559 Thread 0x0000026bc39e6800 nmethod 11143 0x0000026bae9d8890 code [0x0000026bae9d8a40, 0x0000026bae9d8cb8]
Event: 100.579 Thread 0x0000026bc39e4000 nmethod 11099 0x0000026bb4cd4c10 code [0x0000026bb4cd5100, 0x0000026bb4cda2b0]
Event: 100.579 Thread 0x0000026bc39e4000 11135       4       java.lang.StringCoding::decodeUTF8 (45 bytes)
Event: 100.591 Thread 0x0000026bc39e4000 nmethod 11135 0x0000026bb4cdd910 code [0x0000026bb4cddae0, 0x0000026bb4cde368]
Event: 100.591 Thread 0x0000026bc39e4000 11146       4       sun.reflect.generics.visitor.Reifier::visitClassTypeSignature (381 bytes)
Event: 100.591 Thread 0x0000026bc39e6800 11147       3       java.util.Properties::<init> (32 bytes)
Event: 100.592 Thread 0x0000026bc39e6800 nmethod 11147 0x0000026bae9d8e10 code [0x0000026bae9d9000, 0x0000026bae9d9428]

GC Heap History (10 events):
Event: 99.475 GC heap before
{Heap before GC invocations=64 (full 0):
 garbage-first heap   total 120832K, used 118116K [0x0000000080000000, 0x0000000100000000)
  region size 1024K, 5 young (5120K), 1 survivors (1024K)
 Metaspace       used 93141K, capacity 96242K, committed 96476K, reserved 600064K
  class space    used 12436K, capacity 13713K, committed 13772K, reserved 516096K
}
Event: 99.479 GC heap after
{Heap after GC invocations=65 (full 0):
 garbage-first heap   total 122880K, used 117175K [0x0000000080000000, 0x0000000100000000)
  region size 1024K, 1 young (1024K), 1 survivors (1024K)
 Metaspace       used 93141K, capacity 96242K, committed 96476K, reserved 600064K
  class space    used 12436K, capacity 13713K, committed 13772K, reserved 516096K
}
Event: 99.848 GC heap before
{Heap before GC invocations=65 (full 0):
 garbage-first heap   total 122880K, used 122295K [0x0000000080000000, 0x0000000100000000)
  region size 1024K, 6 young (6144K), 1 survivors (1024K)
 Metaspace       used 93525K, capacity 96600K, committed 96732K, reserved 600064K
  class space    used 12497K, capacity 13746K, committed 13772K, reserved 516096K
}
Event: 99.852 GC heap after
{Heap after GC invocations=66 (full 0):
 garbage-first heap   total 125952K, used 116391K [0x0000000080000000, 0x0000000100000000)
  region size 1024K, 1 young (1024K), 1 survivors (1024K)
 Metaspace       used 93525K, capacity 96600K, committed 96732K, reserved 600064K
  class space    used 12497K, capacity 13746K, committed 13772K, reserved 516096K
}
Event: 100.083 GC heap before
{Heap before GC invocations=66 (full 0):
 garbage-first heap   total 125952K, used 121511K [0x0000000080000000, 0x0000000100000000)
  region size 1024K, 6 young (6144K), 1 survivors (1024K)
 Metaspace       used 93884K, capacity 96984K, committed 97116K, reserved 600064K
  class space    used 12541K, capacity 13810K, committed 13900K, reserved 516096K
}
Event: 100.089 GC heap after
{Heap after GC invocations=67 (full 0):
 garbage-first heap   total 125952K, used 116508K [0x0000000080000000, 0x0000000100000000)
  region size 1024K, 1 young (1024K), 1 survivors (1024K)
 Metaspace       used 93884K, capacity 96984K, committed 97116K, reserved 600064K
  class space    used 12541K, capacity 13810K, committed 13900K, reserved 516096K
}
Event: 100.293 GC heap before
{Heap before GC invocations=68 (full 0):
 garbage-first heap   total 125952K, used 120604K [0x0000000080000000, 0x0000000100000000)
  region size 1024K, 6 young (6144K), 1 survivors (1024K)
 Metaspace       used 94194K, capacity 97342K, committed 97628K, reserved 600064K
  class space    used 12574K, capacity 13843K, committed 13900K, reserved 516096K
}
Event: 100.298 GC heap after
{Heap after GC invocations=69 (full 0):
 garbage-first heap   total 125952K, used 116940K [0x0000000080000000, 0x0000000100000000)
  region size 1024K, 1 young (1024K), 1 survivors (1024K)
 Metaspace       used 94194K, capacity 97342K, committed 97628K, reserved 600064K
  class space    used 12574K, capacity 13843K, committed 13900K, reserved 516096K
}
Event: 100.483 GC heap before
{Heap before GC invocations=69 (full 0):
 garbage-first heap   total 125952K, used 122060K [0x0000000080000000, 0x0000000100000000)
  region size 1024K, 6 young (6144K), 1 survivors (1024K)
 Metaspace       used 94474K, capacity 97630K, committed 97884K, reserved 602112K
  class space    used 12606K, capacity 13875K, committed 13900K, reserved 516096K
}
Event: 100.487 GC heap after
{Heap after GC invocations=70 (full 0):
 garbage-first heap   total 125952K, used 116727K [0x0000000080000000, 0x0000000100000000)
  region size 1024K, 1 young (1024K), 1 survivors (1024K)
 Metaspace       used 94474K, capacity 97630K, committed 97884K, reserved 602112K
  class space    used 12606K, capacity 13875K, committed 13900K, reserved 516096K
}

Deoptimization events (10 events):
Event: 86.172 Thread 0x0000026bc5b6f000 Uncommon trap: reason=class_check action=maybe_recompile pc=0x0000026bb4913c68 method=java.util.stream.StreamOpFlag.fromCharacteristics(Ljava/util/Spliterator;)I @ 14 c2
Event: 87.153 Thread 0x0000026bc5b6f000 Uncommon trap: reason=class_check action=maybe_recompile pc=0x0000026bb499c0d0 method=java.lang.Class.createAnnotationData(I)Ljava/lang/Class$AnnotationData; @ 103 c2
Event: 87.457 Thread 0x0000026bc5b6f000 Uncommon trap: reason=bimorphic_or_optimized_type_check action=maybe_recompile pc=0x0000026bb4c2be10 method=groovy.lang.MetaClassImpl.filterPropertyMethod(Ljava/lang/Object;ZZ)Ljava/lang/Object; @ 165 c2
Event: 87.457 Thread 0x0000026bc5b6f000 Uncommon trap: reason=bimorphic_or_optimized_type_check action=maybe_recompile pc=0x0000026bb4c2be38 method=groovy.lang.MetaClassImpl.filterPropertyMethod(Ljava/lang/Object;ZZ)Ljava/lang/Object; @ 38 c2
Event: 87.457 Thread 0x0000026bc5b6f000 Uncommon trap: reason=bimorphic_or_optimized_type_check action=maybe_recompile pc=0x0000026bb4c2be10 method=groovy.lang.MetaClassImpl.filterPropertyMethod(Ljava/lang/Object;ZZ)Ljava/lang/Object; @ 165 c2
Event: 87.457 Thread 0x0000026bc5b6f000 Uncommon trap: reason=bimorphic_or_optimized_type_check action=maybe_recompile pc=0x0000026bb4c2be38 method=groovy.lang.MetaClassImpl.filterPropertyMethod(Ljava/lang/Object;ZZ)Ljava/lang/Object; @ 38 c2
Event: 89.293 Thread 0x0000026bc5b6f000 Uncommon trap: reason=class_check action=maybe_recompile pc=0x0000026bb491167c method=java.util.stream.StreamOpFlag.fromCharacteristics(Ljava/util/Spliterator;)I @ 14 c2
Event: 96.447 Thread 0x0000026bc4b42800 Uncommon trap: reason=unstable_if action=reinterpret pc=0x0000026bb4caff04 method=java.math.BigInteger.makePositive([BII)[I @ 40 c2
Event: 99.723 Thread 0x0000026bc5b6f000 Uncommon trap: reason=unstable_if action=reinterpret pc=0x0000026bb47c8a18 method=java.lang.Integer.stringSize(I)I @ 19 c2
Event: 100.080 Thread 0x0000026bc5b6f000 Uncommon trap: reason=unstable_if action=reinterpret pc=0x0000026bb4b02390 method=sun.net.www.protocol.jar.Handler.parseURL(Ljava/net/URL;Ljava/lang/String;II)V @ 116 c2

Classes redefined (0 events):
No events

Internal exceptions (10 events):
Event: 100.525 Thread 0x0000026bc5b6f000 Exception <a 'java/lang/ClassNotFoundException'{0x000000008741f460}: org/jetbrains/kotlin/gradle/targets/js/npm/DefaultPeerNpmDependencyExtensionBeanInfo> (0x000000008741f460) thrown at [./open/src/hotspot/share/classfile/systemDictionary.cpp, line 226]
Event: 100.526 Thread 0x0000026bc5b6f000 Exception <a 'java/lang/ClassNotFoundException'{0x0000000087453e00}: org/jetbrains/kotlin/gradle/targets/js/npm/DefaultPeerNpmDependencyExtensionCustomizer> (0x0000000087453e00) thrown at [./open/src/hotspot/share/classfile/systemDictionary.cpp, line 226]
Event: 100.531 Thread 0x0000026bc5b6f000 Exception <a 'java/lang/ClassNotFoundException'{0x00000000874d5348}: org/jetbrains/kotlin/gradle/targets/js/npm/DefaultPeerNpmDependencyExtension$delegate$1BeanInfo> (0x00000000874d5348) thrown at [./open/src/hotspot/share/classfile/systemDictionary.cpp, 
Event: 100.532 Thread 0x0000026bc5b6f000 Exception <a 'java/lang/ClassNotFoundException'{0x000000008730d4f8}: org/jetbrains/kotlin/gradle/targets/js/npm/DefaultPeerNpmDependencyExtension$delegate$1Customizer> (0x000000008730d4f8) thrown at [./open/src/hotspot/share/classfile/systemDictionary.cpp
Event: 100.559 Thread 0x0000026bc5b6f000 Exception <a 'java/lang/ClassNotFoundException'{0x0000000087215358}: java/util/PropertiesBeanInfo> (0x0000000087215358) thrown at [./open/src/hotspot/share/classfile/systemDictionary.cpp, line 226]
Event: 100.561 Thread 0x0000026bc5b6f000 Exception <a 'java/lang/ClassNotFoundException'{0x0000000087228c50}: java/util/HashtableBeanInfo> (0x0000000087228c50) thrown at [./open/src/hotspot/share/classfile/systemDictionary.cpp, line 226]
Event: 100.563 Thread 0x0000026bc5b6f000 Exception <a 'java/lang/ClassNotFoundException'{0x000000008723c508}: java/util/DictionaryBeanInfo> (0x000000008723c508) thrown at [./open/src/hotspot/share/classfile/systemDictionary.cpp, line 226]
Event: 100.567 Thread 0x0000026bc5b6f000 Exception <a 'java/lang/ClassNotFoundException'{0x0000000087250040}: java/util/DictionaryCustomizer> (0x0000000087250040) thrown at [./open/src/hotspot/share/classfile/systemDictionary.cpp, line 226]
Event: 100.582 Thread 0x0000026bc5b6f000 Exception <a 'java/lang/ClassNotFoundException'{0x0000000087269850}: java/util/HashtableCustomizer> (0x0000000087269850) thrown at [./open/src/hotspot/share/classfile/systemDictionary.cpp, line 226]
Event: 100.589 Thread 0x0000026bc5b6f000 Exception <a 'java/lang/ClassNotFoundException'{0x0000000087296ca8}: java/util/PropertiesCustomizer> (0x0000000087296ca8) thrown at [./open/src/hotspot/share/classfile/systemDictionary.cpp, line 226]

Events (10 events):
Event: 100.633 Executing VM operation: Deoptimize
Event: 100.635 Executing VM operation: Deoptimize done
Event: 100.643 loading class org/codehaus/groovy/runtime/ResourceGroovyMethods$1
Event: 100.643 loading class org/codehaus/groovy/runtime/ResourceGroovyMethods$1 done
Event: 100.651 loading class org/codehaus/groovy/runtime/FlushingStreamWriter
Event: 100.651 loading class org/codehaus/groovy/runtime/FlushingStreamWriter done
Event: 100.671 loading class org/codehaus/groovy/runtime/IteratorClosureAdapter
Event: 100.671 loading class org/codehaus/groovy/runtime/IteratorClosureAdapter done
Event: 100.676 loading class org/codehaus/groovy/runtime/IOGroovyMethods$1
Event: 100.676 loading class org/codehaus/groovy/runtime/IOGroovyMethods$1 done


Dynamic libraries:
0x00007ff6b4490000 - 0x00007ff6b44a0000 	C:\Program Files\Java\jdk-11\bin\java.exe
0x00007ffc87170000 - 0x00007ffc87384000 	C:\WINDOWS\SYSTEM32\ntdll.dll
0x00007ffc85520000 - 0x00007ffc855e2000 	C:\WINDOWS\System32\KERNEL32.DLL
0x00007ffc84690000 - 0x00007ffc84a33000 	C:\WINDOWS\System32\KERNELBASE.dll
0x00007ffc84e30000 - 0x00007ffc84f41000 	C:\WINDOWS\System32\ucrtbase.dll
0x00007ffc4e200000 - 0x00007ffc4e219000 	C:\Program Files\Java\jdk-11\bin\jli.dll
0x00007ffc84fd0000 - 0x00007ffc8507e000 	C:\WINDOWS\System32\ADVAPI32.dll
0x00007ffc85a70000 - 0x00007ffc85b17000 	C:\WINDOWS\System32\msvcrt.dll
0x00007ffc85cd0000 - 0x00007ffc85d74000 	C:\WINDOWS\System32\sechost.dll
0x00007ffc856c0000 - 0x00007ffc857d7000 	C:\WINDOWS\System32\RPCRT4.dll
0x00007ffc85b20000 - 0x00007ffc85cca000 	C:\WINDOWS\System32\USER32.dll
0x00007ffc84a40000 - 0x00007ffc84a66000 	C:\WINDOWS\System32\win32u.dll
0x00007ffc86dd0000 - 0x00007ffc86df9000 	C:\WINDOWS\System32\GDI32.dll
0x00007ffc84570000 - 0x00007ffc84689000 	C:\WINDOWS\System32\gdi32full.dll
0x00007ffc84a70000 - 0x00007ffc84b0a000 	C:\WINDOWS\System32\msvcp_win.dll
0x00007ffc4e220000 - 0x00007ffc4e23b000 	C:\Program Files\Java\jdk-11\bin\VCRUNTIME140.dll
0x00007ffc703e0000 - 0x00007ffc7066e000 	C:\WINDOWS\WinSxS\amd64_microsoft.windows.common-controls_6595b64144ccf1df_6.0.22621.1635_none_270f70857386168e\COMCTL32.dll
0x00007ffc7c880000 - 0x00007ffc7c88a000 	C:\WINDOWS\SYSTEM32\VERSION.dll
0x00007ffc861e0000 - 0x00007ffc86211000 	C:\WINDOWS\System32\IMM32.DLL
0x00007ffc7eca0000 - 0x00007ffc7ecac000 	C:\Program Files\Java\jdk-11\bin\vcruntime140_1.dll
0x00007ffc2c8b0000 - 0x00007ffc2c93e000 	C:\Program Files\Java\jdk-11\bin\msvcp140.dll
0x00007ffc1d7b0000 - 0x00007ffc1e31c000 	C:\Program Files\Java\jdk-11\bin\server\jvm.dll
0x00007ffc86220000 - 0x00007ffc86228000 	C:\WINDOWS\System32\PSAPI.DLL
0x00007ffc6b810000 - 0x00007ffc6b819000 	C:\WINDOWS\SYSTEM32\WSOCK32.dll
0x00007ffc870b0000 - 0x00007ffc87121000 	C:\WINDOWS\System32\WS2_32.dll
0x00007ffc7e190000 - 0x00007ffc7e1c4000 	C:\WINDOWS\SYSTEM32\WINMM.dll
0x00007ffc83570000 - 0x00007ffc83588000 	C:\WINDOWS\SYSTEM32\kernel.appcore.dll
0x00007ffc763b0000 - 0x00007ffc763c0000 	C:\Program Files\Java\jdk-11\bin\verify.dll
0x00007ffc82190000 - 0x00007ffc823be000 	C:\WINDOWS\SYSTEM32\DBGHELP.DLL
0x00007ffc86230000 - 0x00007ffc865b9000 	C:\WINDOWS\System32\combase.dll
0x00007ffc85980000 - 0x00007ffc85a57000 	C:\WINDOWS\System32\OLEAUT32.dll
0x00007ffc6d280000 - 0x00007ffc6d2b2000 	C:\WINDOWS\SYSTEM32\dbgcore.DLL
0x00007ffc84db0000 - 0x00007ffc84e2a000 	C:\WINDOWS\System32\bcryptPrimitives.dll
0x00007ffc4b970000 - 0x00007ffc4b998000 	C:\Program Files\Java\jdk-11\bin\java.dll
0x00007ffc72760000 - 0x00007ffc7276a000 	C:\Program Files\Java\jdk-11\bin\jimage.dll
0x00007ffc4ced0000 - 0x00007ffc4cee7000 	C:\Program Files\Java\jdk-11\bin\zip.dll
0x00007ffc865d0000 - 0x00007ffc86dc9000 	C:\WINDOWS\System32\SHELL32.dll
0x00007ffc82510000 - 0x00007ffc82dde000 	C:\WINDOWS\SYSTEM32\windows.storage.dll
0x00007ffc823d0000 - 0x00007ffc8250e000 	C:\WINDOWS\SYSTEM32\wintypes.dll
0x00007ffc86f90000 - 0x00007ffc87081000 	C:\WINDOWS\System32\SHCORE.dll
0x00007ffc86180000 - 0x00007ffc861de000 	C:\WINDOWS\System32\shlwapi.dll
0x00007ffc844a0000 - 0x00007ffc844c6000 	C:\WINDOWS\SYSTEM32\profapi.dll
0x00007ffc4cf50000 - 0x00007ffc4cf69000 	C:\Program Files\Java\jdk-11\bin\net.dll
0x00007ffc7d3b0000 - 0x00007ffc7d4e7000 	C:\WINDOWS\SYSTEM32\WINHTTP.dll
0x00007ffc83a00000 - 0x00007ffc83a69000 	C:\WINDOWS\system32\mswsock.dll
0x00007ffc4cf30000 - 0x00007ffc4cf42000 	C:\Program Files\Java\jdk-11\bin\nio.dll
0x00007ffc66a60000 - 0x00007ffc66a87000 	C:\Users\ACER\.gradle\native\68d5fa5c4cc2d200863cafc0d521ce42e7d3e7ee720ec0a83991735586a16f82\windows-amd64\native-platform.dll
0x00007ffc1b190000 - 0x00007ffc1b2d4000 	C:\Users\ACER\.gradle\native\e376f236ea51e6404a007f0833ffe2c6e607c4080706a723a18a27aeea778392\windows-amd64\native-platform-file-events.dll
0x00007ffc69100000 - 0x00007ffc69109000 	C:\Program Files\Java\jdk-11\bin\management.dll
0x00007ffc61bf0000 - 0x00007ffc61bfb000 	C:\Program Files\Java\jdk-11\bin\management_ext.dll
0x00007ffc83ca0000 - 0x00007ffc83cbb000 	C:\WINDOWS\SYSTEM32\CRYPTSP.dll
0x00007ffc834e0000 - 0x00007ffc83515000 	C:\WINDOWS\system32\rsaenh.dll
0x00007ffc83b30000 - 0x00007ffc83b5c000 	C:\WINDOWS\SYSTEM32\USERENV.dll
0x00007ffc83e50000 - 0x00007ffc83e78000 	C:\WINDOWS\SYSTEM32\bcrypt.dll
0x00007ffc83c90000 - 0x00007ffc83c9c000 	C:\WINDOWS\SYSTEM32\CRYPTBASE.dll
0x00007ffc83080000 - 0x00007ffc830ad000 	C:\WINDOWS\SYSTEM32\IPHLPAPI.DLL
0x00007ffc85f60000 - 0x00007ffc85f69000 	C:\WINDOWS\System32\NSI.dll
0x00007ffc7e170000 - 0x00007ffc7e189000 	C:\WINDOWS\SYSTEM32\dhcpcsvc6.DLL
0x00007ffc7e150000 - 0x00007ffc7e16f000 	C:\WINDOWS\SYSTEM32\dhcpcsvc.DLL
0x00007ffc830b0000 - 0x00007ffc831a3000 	C:\WINDOWS\SYSTEM32\DNSAPI.dll

dbghelp: loaded successfully - version: 4.0.5 - missing functions: none
symbol engine: initialized successfully - sym options: 0x614 - pdb path: .;C:\Program Files\Java\jdk-11\bin;C:\WINDOWS\SYSTEM32;C:\WINDOWS\WinSxS\amd64_microsoft.windows.common-controls_6595b64144ccf1df_6.0.22621.1635_none_270f70857386168e;C:\Program Files\Java\jdk-11\bin\server;C:\Users\ACER\.gradle\native\68d5fa5c4cc2d200863cafc0d521ce42e7d3e7ee720ec0a83991735586a16f82\windows-amd64;C:\Users\ACER\.gradle\native\e376f236ea51e6404a007f0833ffe2c6e607c4080706a723a18a27aeea778392\windows-amd64

VM Arguments:
jvm_args: -XX:MaxMetaspaceSize=512m --add-opens=java.base/java.util=ALL-UNNAMED --add-opens=java.base/java.lang=ALL-UNNAMED --add-opens=java.base/java.lang.invoke=ALL-UNNAMED --add-opens=java.prefs/java.util.prefs=ALL-UNNAMED --add-opens=java.base/java.nio.charset=ALL-UNNAMED --add-opens=java.base/java.net=ALL-UNNAMED --add-opens=java.base/java.util.concurrent.atomic=ALL-UNNAMED -Xmx2048m -Dfile.encoding=windows-1252 -Duser.country=US -Duser.language=en -Duser.variant 
java_command: org.gradle.launcher.daemon.bootstrap.GradleDaemon 8.0.1
java_class_path (initial): C:\Users\ACER\.gradle\wrapper\dists\gradle-8.0.1-all\aro4hu1c3oeioove7l0i4i14o\gradle-8.0.1\lib\gradle-launcher-8.0.1.jar
Launcher Type: SUN_STANDARD

[Global flags]
     intx CICompilerCount                          = 4                                         {product} {ergonomic}
   size_t CompressedClassSpaceSize                 = 528482304                                 {product} {ergonomic}
     uint ConcGCThreads                            = 3                                         {product} {ergonomic}
     uint G1ConcRefinementThreads                  = 10                                        {product} {ergonomic}
   size_t G1HeapRegionSize                         = 1048576                                   {product} {ergonomic}
    uintx GCDrainStackTargetSize                   = 64                                        {product} {ergonomic}
   size_t InitialHeapSize                          = 123731968                                 {product} {ergonomic}
   size_t MarkStackSize                            = 4194304                                   {product} {ergonomic}
   size_t MaxHeapSize                              = 2147483648                                {product} {command line}
   size_t MaxMetaspaceSize                         = 536870912                                 {product} {command line}
   size_t MaxNewSize                               = 1287651328                                {product} {ergonomic}
   size_t MinHeapDeltaBytes                        = 1048576                                   {product} {ergonomic}
    uintx NonNMethodCodeHeapSize                   = 5836300                                {pd product} {ergonomic}
    uintx NonProfiledCodeHeapSize                  = 122910970                              {pd product} {ergonomic}
    uintx ProfiledCodeHeapSize                     = 122910970                              {pd product} {ergonomic}
    uintx ReservedCodeCacheSize                    = 251658240                              {pd product} {ergonomic}
     bool SegmentedCodeCache                       = true                                      {product} {ergonomic}
     bool UseCompressedClassPointers               = true                                 {lp64_product} {ergonomic}
     bool UseCompressedOops                        = true                                 {lp64_product} {ergonomic}
     bool UseG1GC                                  = true                                      {product} {ergonomic}
     bool UseLargePagesIndividualAllocation        = false                                  {pd product} {ergonomic}

Logging:
Log output configuration:
 #0: stdout all=warning uptime,level,tags
 #1: stderr all=off uptime,level,tags

Environment Variables:
CLASSPATH=D:\workplace\project\IotFood\IotFood\android\\gradle\wrapper\gradle-wrapper.jar
PATH=D:\workplace\project\IotFood\IotFood\node_modules\.bin;D:\workplace\project\IotFood\IotFood\node_modules\.bin;D:\workplace\project\IotFood\node_modules\.bin;D:\workplace\project\node_modules\.bin;D:\workplace\node_modules\.bin;D:\node_modules\.bin;C:\Users\ACER\AppData\Roaming\npm\node_modules\npm\node_modules\@npmcli\run-script\lib\node-gyp-bin;D:\workplace\project\IotFood\IotFood\node_modules\.bin;D:\workplace\project\IotFood\node_modules\.bin;D:\workplace\project\node_modules\.bin;D:\workplace\node_modules\.bin;D:\node_modules\.bin;C:\Users\ACER\AppData\Roaming\npm\node_modules\npm\node_modules\@npmcli\run-script\lib\node-gyp-bin;C:\Users\ACER\miniconda3\condabin;C:\Program Files\nodejs\;C:\Users\ACER\miniconda3;C:\Users\ACER\miniconda3\Library\mingw-w64\bin;C:\Users\ACER\miniconda3\Library\usr\bin;C:\Users\ACER\miniconda3\Library\bin;C:\Users\ACER\miniconda3\Scripts;C:\Program Files\MySQL\MySQL Shell 8.0\bin\;C:\Users\ACER\AppData\Local\Microsoft\WindowsApps;C:\Users\ACER\AppData\Local\Programs\Microsoft VS Code\bin;C:\msys64\mingw64\bin;C:\Users\ACER\AppData\Local\GitHubDesktop\bin;D:\workplace\python\toolJava\IntelliJ IDEA Community Edition 2023.1\bin;;D:\workplace\IntelliJ IDEA 2023.1.4\bin;;C:\Program Files\Java\jdk-11\bin;C:\ProgramData\Oracle\Java\javapath;C:\Program Files\nodejs\node_modules\npm\bin;C:\Users\ACER\AppData\Local\Android\Sdk\platform-tools;C:\Users\ACER\AppData\Roaming\npm;C:\Program Files\Git\bin;C:\Windows\System32;D:\workplace\React_native\testApp\node_modules\react-devtools\node_modules\.bin;D:\workplace\psql\folder1\bin;
USERNAME=ACER
OS=Windows_NT
PROCESSOR_IDENTIFIER=AMD64 Family 23 Model 104 Stepping 1, AuthenticAMD



---------------  S Y S T E M  ---------------

OS: Windows 11 , 64 bit Build 22621 (10.0.22621.1928)
Hyper-V role detected

CPU:total 12 (initial active 12) (12 cores per cpu, 2 threads per core) family 23 model 104 stepping 1 microcode 0x0, cmov, cx8, fxsr, mmx, sse, sse2, sse3, ssse3, sse4.1, sse4.2, popcnt, avx, avx2, aes, clmul, mmxext, 3dnowpref, lzcnt, sse4a, ht, tsc, tscinvbit, tscinv, bmi1, bmi2, adx,

Memory: 4k page, system-wide physical 7514M (289M free)
TotalPageFile size 20314M (AvailPageFile size 5M)
current process WorkingSet (physical memory assigned to process): 290M, peak: 343M
current process commit charge ("private bytes"): 433M, peak: 436M

vm_info: Java HotSpot(TM) 64-Bit Server VM (11.0.19+9-LTS-224) for windows-amd64 JRE (11.0.19+9-LTS-224), built on Mar 27 2023 08:48:55 by "mach5one" with MS VC++ 17.1 (VS2022)

END.
