#
# There is insufficient memory for the Java Runtime Environment to continue.
# Native memory allocation (malloc) failed to allocate 2096016 bytes for Chunk::new
# Possible reasons:
#   The system is out of physical RAM or swap space
#   The process is running with CompressedOops enabled, and the Java Heap may be blocking the growth of the native heap
# Possible solutions:
#   Reduce memory load on the system
#   Increase physical memory or swap space
#   Check if swap backing store is full
#   Decrease Java heap size (-Xmx/-Xms)
#   Decrease number of Java threads
#   Decrease Java thread stack sizes (-Xss)
#   Set larger code cache with -XX:ReservedCodeCacheSize=
#   JVM is running with Unscaled Compressed Oops mode in which the Java heap is
#     placed in the first 4GB address space. The Java Heap base address is the
#     maximum limit for the native heap growth. Please use -XX:HeapBaseMinAddress
#     to set the Java Heap base and to place the Java Heap above 4GB virtual address.
# This output file may be truncated or incomplete.
#
#  Out of Memory Error (./open/src/hotspot/share/memory/arena.cpp:197), pid=24204, tid=30840
#
# JRE version: Java(TM) SE Runtime Environment 18.9 (11.0.19+9) (build 11.0.19+9-LTS-224)
# Java VM: Java HotSpot(TM) 64-Bit Server VM 18.9 (11.0.19+9-LTS-224, mixed mode, tiered, compressed oops, g1 gc, windows-amd64)
# No core dump will be written. Minidumps are not enabled by default on client versions of Windows
#

---------------  S U M M A R Y ------------

Command Line: -XX:MaxMetaspaceSize=512m --add-opens=java.base/java.util=ALL-UNNAMED --add-opens=java.base/java.lang=ALL-UNNAMED --add-opens=java.base/java.lang.invoke=ALL-UNNAMED --add-opens=java.prefs/java.util.prefs=ALL-UNNAMED --add-opens=java.base/java.nio.charset=ALL-UNNAMED --add-opens=java.base/java.net=ALL-UNNAMED --add-opens=java.base/java.util.concurrent.atomic=ALL-UNNAMED -Xmx2048m -Dfile.encoding=windows-1252 -Duser.country=US -Duser.language=en -Duser.variant org.gradle.launcher.daemon.bootstrap.GradleDaemon 8.0.1

Host: AMD Ryzen 5 5500U with Radeon Graphics         , 12 cores, 7G,  Windows 11 , 64 bit Build 22621 (10.0.22621.1928)
Time: Tue Aug  8 20:58:30 2023 SE Asia Standard Time elapsed time: 100.521112 seconds (0d 0h 1m 40s)

---------------  T H R E A D  ---------------

Current thread (0x0000025256b0d800):  JavaThread "C2 CompilerThread0" daemon [_thread_in_native, id=30840, stack(0x000000adca600000,0x000000adca700000)]


Current CompileTask:
C2: 100521 11182   !   4       java.lang.reflect.Executable::sharedToGenericString (321 bytes)

Stack: [0x000000adca600000,0x000000adca700000]
Native frames: (J=compiled Java code, j=interpreted, Vv=VM code, C=native code)
V  [jvm.dll+0x65fe1a]
V  [jvm.dll+0x7a2bbf]
V  [jvm.dll+0x7a4289]
V  [jvm.dll+0x7a4923]
V  [jvm.dll+0x258a25]
V  [jvm.dll+0xb29cc]
V  [jvm.dll+0xb2f8c]
V  [jvm.dll+0x367121]
V  [jvm.dll+0x32fdf5]
V  [jvm.dll+0x32f1da]
V  [jvm.dll+0x21172d]
V  [jvm.dll+0x2106f8]
V  [jvm.dll+0x18c841]
V  [jvm.dll+0x220989]
V  [jvm.dll+0x21ecac]
V  [jvm.dll+0x766921]
V  [jvm.dll+0x75f2e4]
V  [jvm.dll+0x65ecc5]
C  [ucrtbase.dll+0x29363]
C  [KERNEL32.DLL+0x126ad]
C  [ntdll.dll+0x5aa68]


---------------  P R O C E S S  ---------------

Threads class SMR info:
_java_thread_list=0x00000252598901e0, length=182, elements={
0x0000025238654000, 0x0000025256aeb000, 0x0000025256af6000, 0x0000025256b05000,
0x0000025256b08000, 0x0000025256b0c000, 0x0000025256b0d800, 0x0000025256b0e800,
0x0000025256b11800, 0x00000252575c4800, 0x0000025258f26800, 0x00000252592a7800,
0x00000252586d5800, 0x000002525851d800, 0x0000025258c2c000, 0x0000025259498000,
0x0000025258268000, 0x0000025258c8d800, 0x0000025257a70800, 0x0000025257a77000,
0x0000025257a72800, 0x0000025257a76800, 0x0000025257a73000, 0x0000025257a74000,
0x0000025257a75000, 0x0000025257a75800, 0x0000025257a71800, 0x0000025259589800,
0x000002525958c000, 0x000002525958a800, 0x0000025259589000, 0x0000025259587000,
0x0000025259586800, 0x0000025259588000, 0x0000025259591000, 0x0000025259590000,
0x0000025259594800, 0x000002525958e800, 0x0000025259595000, 0x000002525958f800,
0x0000025259592800, 0x0000025259593800, 0x0000025259592000, 0x000002525de2b800,
0x000002525de2d000, 0x000002525de2a800, 0x000002525de2e000, 0x000002525de2e800,
0x000002525de29000, 0x000002525de2c000, 0x000002525de2a000, 0x000002525de2f800,
0x000002525de32800, 0x000002525de33800, 0x000002525de35000, 0x000002525de32000,
0x000002525de36000, 0x000002525de34800, 0x000002525de31000, 0x000002525de30800,
0x000002525de37000, 0x000002525de37800, 0x000002525bea6000, 0x000002525bea5800,
0x000002525bea7000, 0x000002525bea3800, 0x000002525beaa000, 0x000002525bea9800,
0x000002525bea7800, 0x000002525bea8800, 0x000002525bea4800, 0x000002525beae800,
0x000002525beb0800, 0x000002525beab000, 0x000002525beb1800, 0x000002525beac000,
0x000002525bead800, 0x000002525beb2800, 0x000002525beac800, 0x000002525beaf000,
0x000002525c531800, 0x000002525c52f000, 0x000002525c535000, 0x000002525c530800,
0x000002525c534000, 0x000002525c532800, 0x000002525c535800, 0x000002525c533000,
0x000002525c538000, 0x000002525c539000, 0x000002525c539800, 0x000002525c53a800,
0x000002525c53b800, 0x000002525c53c000, 0x000002525c536800, 0x000002525c53d000,
0x000002525c537000, 0x000002525c53e000, 0x000002525de6c000, 0x000002525de69800,
0x000002525de69000, 0x000002525de6d000, 0x000002525de6b000, 0x000002525de6d800,
0x000002525de6e800, 0x000002525de6f800, 0x000002525de6a800, 0x000002525de74000,
0x000002525de71000, 0x000002525de72000, 0x000002525de72800, 0x000002525de76000,
0x000002525de73800, 0x000002525de75000, 0x000002525de70000, 0x000002525de76800,
0x000002525de77800, 0x000002525f567000, 0x000002525f569800, 0x000002525f564000,
0x000002525f565800, 0x000002525f564800, 0x000002525f56b800, 0x000002525f56a800,
0x000002525f566800, 0x000002525f569000, 0x000002525f56d000, 0x000002525f56c000,
0x000002525f56d800, 0x000002525f568000, 0x000002525f56f800, 0x000002525f571000,
0x000002525f56e800, 0x000002525f570000, 0x000002525f572800, 0x000002525f572000,
0x000002525f708800, 0x000002525f709000, 0x000002525f706800, 0x000002525f70a000,
0x000002525f70a800, 0x000002525f70b800, 0x000002525f706000, 0x000002525f70d000,
0x000002525f70c800, 0x000002525f707800, 0x000002525f713800, 0x000002525f712000,
0x000002525f713000, 0x000002525f710800, 0x000002525f711800, 0x000002525f70f800,
0x000002525f70e000, 0x000002525f714800, 0x000002525f70f000, 0x000002525f739800,
0x000002525f737000, 0x000002525f73b000, 0x000002525f738800, 0x000002525f73c000,
0x000002525f73d000, 0x000002525f73a800, 0x000002525f73d800, 0x000002525f738000,
0x000002525f73f800, 0x000002525f740000, 0x000002525f741000, 0x000002525f741800,
0x000002525f742800, 0x000002525f743800, 0x000002525f73e800, 0x000002525f744000,
0x000002525f745000, 0x000002525f746000, 0x000002525faef800, 0x000002525faee800,
0x000002525faf0800, 0x000002525faf1000, 0x000002525faec800, 0x000002525faf2000,
0x000002525faee000, 0x000002525faf3000
}

Java Threads: ( => current thread )
  0x0000025238654000 JavaThread "main" [_thread_blocked, id=16372, stack(0x000000adc9a00000,0x000000adc9b00000)]
  0x0000025256aeb000 JavaThread "Reference Handler" daemon [_thread_blocked, id=31680, stack(0x000000adca100000,0x000000adca200000)]
  0x0000025256af6000 JavaThread "Finalizer" daemon [_thread_blocked, id=3972, stack(0x000000adca200000,0x000000adca300000)]
  0x0000025256b05000 JavaThread "Signal Dispatcher" daemon [_thread_blocked, id=19700, stack(0x000000adca300000,0x000000adca400000)]
  0x0000025256b08000 JavaThread "Attach Listener" daemon [_thread_blocked, id=31316, stack(0x000000adca400000,0x000000adca500000)]
  0x0000025256b0c000 JavaThread "Service Thread" daemon [_thread_blocked, id=22944, stack(0x000000adca500000,0x000000adca600000)]
=>0x0000025256b0d800 JavaThread "C2 CompilerThread0" daemon [_thread_in_native, id=30840, stack(0x000000adca600000,0x000000adca700000)]
  0x0000025256b0e800 JavaThread "C1 CompilerThread0" daemon [_thread_blocked, id=33680, stack(0x000000adca700000,0x000000adca800000)]
  0x0000025256b11800 JavaThread "Sweeper thread" daemon [_thread_blocked, id=14676, stack(0x000000adca800000,0x000000adca900000)]
  0x00000252575c4800 JavaThread "Common-Cleaner" daemon [_thread_blocked, id=264, stack(0x000000adca900000,0x000000adcaa00000)]
  0x0000025258f26800 JavaThread "Daemon health stats" [_thread_blocked, id=11120, stack(0x000000adcab00000,0x000000adcac00000)]
  0x00000252592a7800 JavaThread "Incoming local TCP Connector on port 49723" [_thread_in_native, id=33360, stack(0x000000adcad00000,0x000000adcae00000)]
  0x00000252586d5800 JavaThread "Daemon periodic checks" [_thread_blocked, id=25236, stack(0x000000adcae00000,0x000000adcaf00000)]
  0x000002525851d800 JavaThread "Daemon" [_thread_blocked, id=11096, stack(0x000000adcaf00000,0x000000adcb000000)]
  0x0000025258c2c000 JavaThread "Handler for socket connection from /127.0.0.1:49723 to /127.0.0.1:49724" [_thread_in_native, id=12260, stack(0x000000adcb000000,0x000000adcb100000)]
  0x0000025259498000 JavaThread "Cancel handler" [_thread_blocked, id=19920, stack(0x000000adcb100000,0x000000adcb200000)]
  0x0000025258268000 JavaThread "Daemon worker" [_thread_blocked, id=32644, stack(0x000000adcb200000,0x000000adcb300000)]
  0x0000025258c8d800 JavaThread "Asynchronous log dispatcher for DefaultDaemonConnection: socket connection from /127.0.0.1:49723 to /127.0.0.1:49724" [_thread_blocked, id=16240, stack(0x000000adcb300000,0x000000adcb400000)]
  0x0000025257a70800 JavaThread "Daemon client event forwarder" [_thread_blocked, id=31980, stack(0x000000adcb500000,0x000000adcb600000)]
  0x0000025257a77000 JavaThread "Cache worker for journal cache (C:\Users\ACER\.gradle\caches\journal-1)" [_thread_blocked, id=16708, stack(0x000000adcbe00000,0x000000adcbf00000)]
  0x0000025257a72800 JavaThread "File lock request listener" [_thread_in_native, id=3340, stack(0x000000adcbf00000,0x000000adcc000000)]
  0x0000025257a76800 JavaThread "File lock release action executor" [_thread_blocked, id=24732, stack(0x000000adcc200000,0x000000adcc300000)]
  0x0000025257a73000 JavaThread "Cache worker for file hash cache (C:\Users\ACER\.gradle\caches\8.0.1\fileHashes)" [_thread_blocked, id=32692, stack(0x000000adcc300000,0x000000adcc400000)]
  0x0000025257a74000 JavaThread "File watcher server" daemon [_thread_in_native, id=26576, stack(0x000000adcc400000,0x000000adcc500000)]
  0x0000025257a75000 JavaThread "File watcher consumer" daemon [_thread_blocked, id=32272, stack(0x000000adcc500000,0x000000adcc600000)]
  0x0000025257a75800 JavaThread "Cache worker for checksums cache (D:\workplace\project\IotFood\IotFood\android\.gradle\8.0.1\checksums)" [_thread_blocked, id=23636, stack(0x000000adcc600000,0x000000adcc700000)]
  0x0000025257a71800 JavaThread "Cache worker for cache directory md-rule (C:\Users\ACER\.gradle\caches\8.0.1\md-rule)" [_thread_blocked, id=20248, stack(0x000000adcc700000,0x000000adcc800000)]
  0x0000025259589800 JavaThread "Cache worker for file content cache (C:\Users\ACER\.gradle\caches\8.0.1\fileContent)" [_thread_blocked, id=27244, stack(0x000000adcc800000,0x000000adcc900000)]
  0x000002525958c000 JavaThread "Cache worker for file hash cache (D:\workplace\project\IotFood\IotFood\android\.gradle\8.0.1\fileHashes)" [_thread_blocked, id=3468, stack(0x000000adcc900000,0x000000adcca00000)]
  0x000002525958a800 JavaThread "Cache worker for cache directory md-supplier (C:\Users\ACER\.gradle\caches\8.0.1\md-supplier)" [_thread_blocked, id=16092, stack(0x000000adcca00000,0x000000adccb00000)]
  0x0000025259589000 JavaThread "Cache worker for execution history cache (C:\Users\ACER\.gradle\caches\8.0.1\executionHistory)" [_thread_blocked, id=19624, stack(0x000000adccb00000,0x000000adccc00000)]
  0x0000025259587000 JavaThread "jar transforms" [_thread_blocked, id=22268, stack(0x000000adccc00000,0x000000adccd00000)]
  0x0000025259586800 JavaThread "jar transforms Thread 2" [_thread_blocked, id=3800, stack(0x000000adccd00000,0x000000adcce00000)]
  0x0000025259588000 JavaThread "jar transforms Thread 3" [_thread_blocked, id=29512, stack(0x000000adcce00000,0x000000adccf00000)]
  0x0000025259591000 JavaThread "jar transforms Thread 4" [_thread_blocked, id=11572, stack(0x000000adccf00000,0x000000adcd000000)]
  0x0000025259590000 JavaThread "Cache worker for kotlin-dsl (C:\Users\ACER\.gradle\caches\8.0.1\kotlin-dsl)" [_thread_blocked, id=2612, stack(0x000000adcd100000,0x000000adcd200000)]
  0x0000025259594800 JavaThread "jar transforms Thread 5" [_thread_blocked, id=7060, stack(0x000000adcd000000,0x000000adcd100000)]
  0x000002525958e800 JavaThread "jar transforms Thread 6" [_thread_blocked, id=19316, stack(0x000000adc9900000,0x000000adc9a00000)]
  0x0000025259595000 JavaThread "Cache worker for dependencies-accessors (D:\workplace\project\IotFood\IotFood\android\.gradle\8.0.1\dependencies-accessors)" [_thread_blocked, id=13552, stack(0x000000adcd200000,0x000000adcd300000)]
  0x000002525958f800 JavaThread "Cache worker for Build Output Cleanup Cache (D:\workplace\project\IotFood\IotFood\node_modules\@react-native\gradle-plugin\.gradle\buildOutputCleanup)" [_thread_blocked, id=24440, stack(0x000000adcd400000,0x000000adcd500000)]
  0x0000025259592800 JavaThread "jar transforms Thread 7" [_thread_blocked, id=16112, stack(0x000000adcd600000,0x000000adcd700000)]
  0x0000025259593800 JavaThread "File lock release action executor Thread 2" [_thread_blocked, id=16108, stack(0x000000adcd800000,0x000000adcd900000)]
  0x0000025259592000 JavaThread "Unconstrained build operations" [_thread_blocked, id=13132, stack(0x000000adcd900000,0x000000adcda00000)]
  0x000002525de2b800 JavaThread "Unconstrained build operations Thread 2" [_thread_blocked, id=19396, stack(0x000000adcda00000,0x000000adcdb00000)]
  0x000002525de2d000 JavaThread "Unconstrained build operations Thread 3" [_thread_blocked, id=20464, stack(0x000000adcdb00000,0x000000adcdc00000)]
  0x000002525de2a800 JavaThread "Unconstrained build operations Thread 4" [_thread_blocked, id=26732, stack(0x000000adcdc00000,0x000000adcdd00000)]
  0x000002525de2e000 JavaThread "Unconstrained build operations Thread 5" [_thread_blocked, id=13092, stack(0x000000adcdd00000,0x000000adcde00000)]
  0x000002525de2e800 JavaThread "Unconstrained build operations Thread 6" [_thread_blocked, id=16176, stack(0x000000adcde00000,0x000000adcdf00000)]
  0x000002525de29000 JavaThread "Unconstrained build operations Thread 7" [_thread_blocked, id=29412, stack(0x000000adcdf00000,0x000000adce000000)]
  0x000002525de2c000 JavaThread "Unconstrained build operations Thread 8" [_thread_blocked, id=19812, stack(0x000000adce000000,0x000000adce100000)]
  0x000002525de2a000 JavaThread "Unconstrained build operations Thread 9" [_thread_blocked, id=21384, stack(0x000000adce100000,0x000000adce200000)]
  0x000002525de2f800 JavaThread "Unconstrained build operations Thread 10" [_thread_blocked, id=22924, stack(0x000000adce200000,0x000000adce300000)]
  0x000002525de32800 JavaThread "Unconstrained build operations Thread 11" [_thread_blocked, id=15236, stack(0x000000adce300000,0x000000adce400000)]
  0x000002525de33800 JavaThread "Unconstrained build operations Thread 12" [_thread_blocked, id=7344, stack(0x000000adce400000,0x000000adce500000)]
  0x000002525de35000 JavaThread "Unconstrained build operations Thread 13" [_thread_blocked, id=11284, stack(0x000000adce500000,0x000000adce600000)]
  0x000002525de32000 JavaThread "Unconstrained build operations Thread 14" [_thread_blocked, id=6136, stack(0x000000adce600000,0x000000adce700000)]
  0x000002525de36000 JavaThread "Unconstrained build operations Thread 15" [_thread_blocked, id=31996, stack(0x000000adce700000,0x000000adce800000)]
  0x000002525de34800 JavaThread "Unconstrained build operations Thread 16" [_thread_blocked, id=12280, stack(0x000000adce800000,0x000000adce900000)]
  0x000002525de31000 JavaThread "Unconstrained build operations Thread 17" [_thread_blocked, id=15816, stack(0x000000adce900000,0x000000adcea00000)]
  0x000002525de30800 JavaThread "Unconstrained build operations Thread 18" [_thread_blocked, id=34980, stack(0x000000adcea00000,0x000000adceb00000)]
  0x000002525de37000 JavaThread "Unconstrained build operations Thread 19" [_thread_blocked, id=21632, stack(0x000000adceb00000,0x000000adcec00000)]
  0x000002525de37800 JavaThread "Unconstrained build operations Thread 20" [_thread_blocked, id=35160, stack(0x000000adcec00000,0x000000adced00000)]
  0x000002525bea6000 JavaThread "Unconstrained build operations Thread 21" [_thread_blocked, id=33068, stack(0x000000adced00000,0x000000adcee00000)]
  0x000002525bea5800 JavaThread "Unconstrained build operations Thread 22" [_thread_blocked, id=36768, stack(0x000000adcee00000,0x000000adcef00000)]
  0x000002525bea7000 JavaThread "Unconstrained build operations Thread 23" [_thread_blocked, id=13888, stack(0x000000adcef00000,0x000000adcf000000)]
  0x000002525bea3800 JavaThread "Unconstrained build operations Thread 24" [_thread_blocked, id=11320, stack(0x000000adcf000000,0x000000adcf100000)]
  0x000002525beaa000 JavaThread "Unconstrained build operations Thread 25" [_thread_blocked, id=19388, stack(0x000000adcf100000,0x000000adcf200000)]
  0x000002525bea9800 JavaThread "Unconstrained build operations Thread 26" [_thread_blocked, id=16004, stack(0x000000adcf200000,0x000000adcf300000)]
  0x000002525bea7800 JavaThread "jar transforms Thread 8" [_thread_blocked, id=8240, stack(0x000000adcd700000,0x000000adcd800000)]
  0x000002525bea8800 JavaThread "jar transforms Thread 9" [_thread_blocked, id=28468, stack(0x000000adcf300000,0x000000adcf400000)]
  0x000002525bea4800 JavaThread "jar transforms Thread 10" [_thread_blocked, id=10164, stack(0x000000adcf400000,0x000000adcf500000)]
  0x000002525beae800 JavaThread "jar transforms Thread 11" [_thread_blocked, id=13176, stack(0x000000adcf500000,0x000000adcf600000)]
  0x000002525beb0800 JavaThread "jar transforms Thread 12" [_thread_blocked, id=7324, stack(0x000000adcf600000,0x000000adcf700000)]
  0x000002525beab000 JavaThread "Memory manager" [_thread_blocked, id=16448, stack(0x000000adcf900000,0x000000adcfa00000)]
  0x000002525beb1800 JavaThread "Cache worker for Build Output Cleanup Cache (D:\workplace\project\IotFood\IotFood\android\.gradle\buildOutputCleanup)" [_thread_blocked, id=32480, stack(0x000000adcf700000,0x000000adcf800000)]
  0x000002525beac000 JavaThread "included builds" [_thread_blocked, id=31788, stack(0x000000adcf800000,0x000000adcf900000)]
  0x000002525bead800 JavaThread "Execution worker" [_thread_blocked, id=17060, stack(0x000000adcfa00000,0x000000adcfb00000)]
  0x000002525beb2800 JavaThread "Execution worker Thread 2" [_thread_blocked, id=14960, stack(0x000000adcfb00000,0x000000adcfc00000)]
  0x000002525beac800 JavaThread "Execution worker Thread 3" [_thread_blocked, id=24956, stack(0x000000adcfc00000,0x000000adcfd00000)]
  0x000002525beaf000 JavaThread "Execution worker Thread 4" [_thread_blocked, id=3336, stack(0x000000adcfd00000,0x000000adcfe00000)]
  0x000002525c531800 JavaThread "Execution worker Thread 5" [_thread_blocked, id=1320, stack(0x000000adcfe00000,0x000000adcff00000)]
  0x000002525c52f000 JavaThread "Execution worker Thread 6" [_thread_blocked, id=33720, stack(0x000000adcff00000,0x000000add0000000)]
  0x000002525c535000 JavaThread "Execution worker Thread 7" [_thread_blocked, id=17544, stack(0x000000add0000000,0x000000add0100000)]
  0x000002525c530800 JavaThread "Execution worker Thread 8" [_thread_blocked, id=10788, stack(0x000000add0100000,0x000000add0200000)]
  0x000002525c534000 JavaThread "Execution worker Thread 9" [_thread_blocked, id=20008, stack(0x000000add0200000,0x000000add0300000)]
  0x000002525c532800 JavaThread "Execution worker Thread 10" [_thread_blocked, id=5768, stack(0x000000add0300000,0x000000add0400000)]
  0x000002525c535800 JavaThread "Execution worker Thread 11" [_thread_blocked, id=29432, stack(0x000000add0400000,0x000000add0500000)]
  0x000002525c533000 JavaThread "Cache worker for execution history cache (D:\workplace\project\IotFood\IotFood\node_modules\@react-native\gradle-plugin\.gradle\8.0.1\executionHistory)" [_thread_blocked, id=24808, stack(0x000000add0500000,0x000000add0600000)]
  0x000002525c538000 JavaThread "Unconstrained build operations Thread 27" [_thread_blocked, id=20264, stack(0x000000add0600000,0x000000add0700000)]
  0x000002525c539000 JavaThread "Unconstrained build operations Thread 28" [_thread_blocked, id=27316, stack(0x000000add0700000,0x000000add0800000)]
  0x000002525c539800 JavaThread "Unconstrained build operations Thread 29" [_thread_blocked, id=12628, stack(0x000000add0800000,0x000000add0900000)]
  0x000002525c53a800 JavaThread "Unconstrained build operations Thread 30" [_thread_blocked, id=26292, stack(0x000000add0900000,0x000000add0a00000)]
  0x000002525c53b800 JavaThread "Unconstrained build operations Thread 31" [_thread_blocked, id=36156, stack(0x000000add0a00000,0x000000add0b00000)]
  0x000002525c53c000 JavaThread "Unconstrained build operations Thread 32" [_thread_blocked, id=17176, stack(0x000000add0b00000,0x000000add0c00000)]
  0x000002525c536800 JavaThread "Unconstrained build operations Thread 33" [_thread_blocked, id=20636, stack(0x000000add0c00000,0x000000add0d00000)]
  0x000002525c53d000 JavaThread "Unconstrained build operations Thread 34" [_thread_blocked, id=21888, stack(0x000000add0d00000,0x000000add0e00000)]
  0x000002525c537000 JavaThread "Unconstrained build operations Thread 35" [_thread_blocked, id=35968, stack(0x000000add0e00000,0x000000add0f00000)]
  0x000002525c53e000 JavaThread "Unconstrained build operations Thread 36" [_thread_blocked, id=31224, stack(0x000000add0f00000,0x000000add1000000)]
  0x000002525de6c000 JavaThread "Unconstrained build operations Thread 37" [_thread_blocked, id=18288, stack(0x000000add1000000,0x000000add1100000)]
  0x000002525de69800 JavaThread "Unconstrained build operations Thread 38" [_thread_blocked, id=17268, stack(0x000000add1100000,0x000000add1200000)]
  0x000002525de69000 JavaThread "Unconstrained build operations Thread 39" [_thread_blocked, id=15028, stack(0x000000add1200000,0x000000add1300000)]
  0x000002525de6d000 JavaThread "Unconstrained build operations Thread 40" [_thread_blocked, id=30856, stack(0x000000add1300000,0x000000add1400000)]
  0x000002525de6b000 JavaThread "Unconstrained build operations Thread 41" [_thread_blocked, id=3360, stack(0x000000add1400000,0x000000add1500000)]
  0x000002525de6d800 JavaThread "Unconstrained build operations Thread 42" [_thread_blocked, id=19212, stack(0x000000add1500000,0x000000add1600000)]
  0x000002525de6e800 JavaThread "Unconstrained build operations Thread 43" [_thread_blocked, id=34508, stack(0x000000add1600000,0x000000add1700000)]
  0x000002525de6f800 JavaThread "Unconstrained build operations Thread 44" [_thread_blocked, id=22120, stack(0x000000add1700000,0x000000add1800000)]
  0x000002525de6a800 JavaThread "Unconstrained build operations Thread 45" [_thread_blocked, id=36440, stack(0x000000add1800000,0x000000add1900000)]
  0x000002525de74000 JavaThread "Unconstrained build operations Thread 46" [_thread_blocked, id=28964, stack(0x000000add1900000,0x000000add1a00000)]
  0x000002525de71000 JavaThread "Unconstrained build operations Thread 47" [_thread_blocked, id=8620, stack(0x000000add1a00000,0x000000add1b00000)]
  0x000002525de72000 JavaThread "Unconstrained build operations Thread 48" [_thread_blocked, id=11752, stack(0x000000add1b00000,0x000000add1c00000)]
  0x000002525de72800 JavaThread "Unconstrained build operations Thread 49" [_thread_blocked, id=33852, stack(0x000000add1c00000,0x000000add1d00000)]
  0x000002525de76000 JavaThread "Unconstrained build operations Thread 50" [_thread_blocked, id=32076, stack(0x000000add1d00000,0x000000add1e00000)]
  0x000002525de73800 JavaThread "Unconstrained build operations Thread 51" [_thread_blocked, id=13436, stack(0x000000add1e00000,0x000000add1f00000)]
  0x000002525de75000 JavaThread "Unconstrained build operations Thread 52" [_thread_blocked, id=30204, stack(0x000000add1f00000,0x000000add2000000)]
  0x000002525de70000 JavaThread "Unconstrained build operations Thread 53" [_thread_blocked, id=18500, stack(0x000000add2000000,0x000000add2100000)]
  0x000002525de76800 JavaThread "Unconstrained build operations Thread 54" [_thread_blocked, id=17568, stack(0x000000add2100000,0x000000add2200000)]
  0x000002525de77800 JavaThread "Unconstrained build operations Thread 55" [_thread_blocked, id=21344, stack(0x000000add2200000,0x000000add2300000)]
  0x000002525f567000 JavaThread "Unconstrained build operations Thread 56" [_thread_blocked, id=5000, stack(0x000000add2300000,0x000000add2400000)]
  0x000002525f569800 JavaThread "Unconstrained build operations Thread 57" [_thread_blocked, id=17880, stack(0x000000add2400000,0x000000add2500000)]
  0x000002525f564000 JavaThread "Unconstrained build operations Thread 58" [_thread_blocked, id=32148, stack(0x000000add2500000,0x000000add2600000)]
  0x000002525f565800 JavaThread "Unconstrained build operations Thread 59" [_thread_blocked, id=2724, stack(0x000000add2600000,0x000000add2700000)]
  0x000002525f564800 JavaThread "Unconstrained build operations Thread 60" [_thread_blocked, id=27356, stack(0x000000add2700000,0x000000add2800000)]
  0x000002525f56b800 JavaThread "Unconstrained build operations Thread 61" [_thread_blocked, id=25612, stack(0x000000add2800000,0x000000add2900000)]
  0x000002525f56a800 JavaThread "Unconstrained build operations Thread 62" [_thread_blocked, id=11648, stack(0x000000add2900000,0x000000add2a00000)]
  0x000002525f566800 JavaThread "Unconstrained build operations Thread 63" [_thread_blocked, id=996, stack(0x000000add2a00000,0x000000add2b00000)]
  0x000002525f569000 JavaThread "Unconstrained build operations Thread 64" [_thread_blocked, id=8036, stack(0x000000add2b00000,0x000000add2c00000)]
  0x000002525f56d000 JavaThread "Unconstrained build operations Thread 65" [_thread_blocked, id=24356, stack(0x000000add2c00000,0x000000add2d00000)]
  0x000002525f56c000 JavaThread "Unconstrained build operations Thread 66" [_thread_blocked, id=8756, stack(0x000000add2d00000,0x000000add2e00000)]
  0x000002525f56d800 JavaThread "Unconstrained build operations Thread 67" [_thread_blocked, id=30768, stack(0x000000add2e00000,0x000000add2f00000)]
  0x000002525f568000 JavaThread "Unconstrained build operations Thread 68" [_thread_blocked, id=36436, stack(0x000000add2f00000,0x000000add3000000)]
  0x000002525f56f800 JavaThread "Unconstrained build operations Thread 69" [_thread_blocked, id=12812, stack(0x000000add3000000,0x000000add3100000)]
  0x000002525f571000 JavaThread "Unconstrained build operations Thread 70" [_thread_blocked, id=35964, stack(0x000000add3100000,0x000000add3200000)]
  0x000002525f56e800 JavaThread "Unconstrained build operations Thread 71" [_thread_blocked, id=3372, stack(0x000000add3200000,0x000000add3300000)]
  0x000002525f570000 JavaThread "Unconstrained build operations Thread 72" [_thread_blocked, id=23260, stack(0x000000add3300000,0x000000add3400000)]
  0x000002525f572800 JavaThread "Unconstrained build operations Thread 73" [_thread_blocked, id=33332, stack(0x000000add3400000,0x000000add3500000)]
  0x000002525f572000 JavaThread "Unconstrained build operations Thread 74" [_thread_blocked, id=26736, stack(0x000000add3500000,0x000000add3600000)]
  0x000002525f708800 JavaThread "Unconstrained build operations Thread 75" [_thread_blocked, id=27864, stack(0x000000add3600000,0x000000add3700000)]
  0x000002525f709000 JavaThread "Unconstrained build operations Thread 76" [_thread_blocked, id=28544, stack(0x000000add3700000,0x000000add3800000)]
  0x000002525f706800 JavaThread "Unconstrained build operations Thread 77" [_thread_blocked, id=27564, stack(0x000000add3800000,0x000000add3900000)]
  0x000002525f70a000 JavaThread "Unconstrained build operations Thread 78" [_thread_blocked, id=26636, stack(0x000000add3900000,0x000000add3a00000)]
  0x000002525f70a800 JavaThread "Unconstrained build operations Thread 79" [_thread_blocked, id=8780, stack(0x000000add3a00000,0x000000add3b00000)]
  0x000002525f70b800 JavaThread "Unconstrained build operations Thread 80" [_thread_blocked, id=23140, stack(0x000000add3b00000,0x000000add3c00000)]
  0x000002525f706000 JavaThread "Unconstrained build operations Thread 81" [_thread_blocked, id=34636, stack(0x000000add3c00000,0x000000add3d00000)]
  0x000002525f70d000 JavaThread "Unconstrained build operations Thread 82" [_thread_blocked, id=36188, stack(0x000000add3d00000,0x000000add3e00000)]
  0x000002525f70c800 JavaThread "Unconstrained build operations Thread 83" [_thread_blocked, id=22908, stack(0x000000add3e00000,0x000000add3f00000)]
  0x000002525f707800 JavaThread "Unconstrained build operations Thread 84" [_thread_blocked, id=952, stack(0x000000add3f00000,0x000000add4000000)]
  0x000002525f713800 JavaThread "Unconstrained build operations Thread 85" [_thread_blocked, id=2736, stack(0x000000add4000000,0x000000add4100000)]
  0x000002525f712000 JavaThread "Unconstrained build operations Thread 86" [_thread_blocked, id=14700, stack(0x000000add4100000,0x000000add4200000)]
  0x000002525f713000 JavaThread "Unconstrained build operations Thread 87" [_thread_blocked, id=22968, stack(0x000000add4200000,0x000000add4300000)]
  0x000002525f710800 JavaThread "Unconstrained build operations Thread 88" [_thread_blocked, id=26412, stack(0x000000add4300000,0x000000add4400000)]
  0x000002525f711800 JavaThread "Unconstrained build operations Thread 89" [_thread_blocked, id=2012, stack(0x000000add4400000,0x000000add4500000)]
  0x000002525f70f800 JavaThread "Unconstrained build operations Thread 90" [_thread_blocked, id=34000, stack(0x000000add4500000,0x000000add4600000)]
  0x000002525f70e000 JavaThread "Unconstrained build operations Thread 91" [_thread_blocked, id=16976, stack(0x000000add4600000,0x000000add4700000)]
  0x000002525f714800 JavaThread "Unconstrained build operations Thread 92" [_thread_blocked, id=32580, stack(0x000000add4700000,0x000000add4800000)]
  0x000002525f70f000 JavaThread "Unconstrained build operations Thread 93" [_thread_blocked, id=9816, stack(0x000000add4800000,0x000000add4900000)]
  0x000002525f739800 JavaThread "Unconstrained build operations Thread 94" [_thread_blocked, id=29544, stack(0x000000add4900000,0x000000add4a00000)]
  0x000002525f737000 JavaThread "Unconstrained build operations Thread 95" [_thread_blocked, id=21044, stack(0x000000add4a00000,0x000000add4b00000)]
  0x000002525f73b000 JavaThread "Unconstrained build operations Thread 96" [_thread_blocked, id=29580, stack(0x000000add4b00000,0x000000add4c00000)]
  0x000002525f738800 JavaThread "Unconstrained build operations Thread 97" [_thread_blocked, id=25700, stack(0x000000add4c00000,0x000000add4d00000)]
  0x000002525f73c000 JavaThread "Unconstrained build operations Thread 98" [_thread_blocked, id=24200, stack(0x000000add4d00000,0x000000add4e00000)]
  0x000002525f73d000 JavaThread "Unconstrained build operations Thread 99" [_thread_blocked, id=34976, stack(0x000000add4e00000,0x000000add4f00000)]
  0x000002525f73a800 JavaThread "Unconstrained build operations Thread 100" [_thread_blocked, id=29192, stack(0x000000add4f00000,0x000000add5000000)]
  0x000002525f73d800 JavaThread "Unconstrained build operations Thread 101" [_thread_blocked, id=17988, stack(0x000000add5000000,0x000000add5100000)]
  0x000002525f738000 JavaThread "Unconstrained build operations Thread 102" [_thread_blocked, id=17852, stack(0x000000add5100000,0x000000add5200000)]
  0x000002525f73f800 JavaThread "Unconstrained build operations Thread 103" [_thread_blocked, id=20608, stack(0x000000add5200000,0x000000add5300000)]
  0x000002525f740000 JavaThread "Unconstrained build operations Thread 104" [_thread_blocked, id=21768, stack(0x000000add5300000,0x000000add5400000)]
  0x000002525f741000 JavaThread "Unconstrained build operations Thread 105" [_thread_blocked, id=6944, stack(0x000000add5400000,0x000000add5500000)]
  0x000002525f741800 JavaThread "Unconstrained build operations Thread 106" [_thread_blocked, id=27044, stack(0x000000add5500000,0x000000add5600000)]
  0x000002525f742800 JavaThread "Unconstrained build operations Thread 107" [_thread_blocked, id=14740, stack(0x000000add5600000,0x000000add5700000)]
  0x000002525f743800 JavaThread "Unconstrained build operations Thread 108" [_thread_blocked, id=32144, stack(0x000000add5700000,0x000000add5800000)]
  0x000002525f73e800 JavaThread "Unconstrained build operations Thread 109" [_thread_blocked, id=10016, stack(0x000000add5800000,0x000000add5900000)]
  0x000002525f744000 JavaThread "Unconstrained build operations Thread 110" [_thread_blocked, id=36580, stack(0x000000add5900000,0x000000add5a00000)]
  0x000002525f745000 JavaThread "Unconstrained build operations Thread 111" [_thread_blocked, id=32280, stack(0x000000add5a00000,0x000000add5b00000)]
  0x000002525f746000 JavaThread "Unconstrained build operations Thread 112" [_thread_blocked, id=28164, stack(0x000000add5b00000,0x000000add5c00000)]
  0x000002525faef800 JavaThread "Unconstrained build operations Thread 113" [_thread_blocked, id=9408, stack(0x000000add5c00000,0x000000add5d00000)]
  0x000002525faee800 JavaThread "Unconstrained build operations Thread 114" [_thread_blocked, id=28864, stack(0x000000add5d00000,0x000000add5e00000)]
  0x000002525faf0800 JavaThread "Unconstrained build operations Thread 115" [_thread_blocked, id=34116, stack(0x000000add5e00000,0x000000add5f00000)]
  0x000002525faf1000 JavaThread "Unconstrained build operations Thread 116" [_thread_blocked, id=24468, stack(0x000000add5f00000,0x000000add6000000)]
  0x000002525faec800 JavaThread "Unconstrained build operations Thread 117" [_thread_blocked, id=7820, stack(0x000000add6000000,0x000000add6100000)]
  0x000002525faf2000 JavaThread "Unconstrained build operations Thread 118" [_thread_blocked, id=16652, stack(0x000000add6100000,0x000000add6200000)]
  0x000002525faee000 JavaThread "Unconstrained build operations Thread 119" [_thread_blocked, id=34912, stack(0x000000add6200000,0x000000add6300000)]
  0x000002525faf3000 JavaThread "Unconstrained build operations Thread 120" [_thread_blocked, id=3816, stack(0x000000add6300000,0x000000add6400000)]

Other Threads:
  0x0000025256ae7800 VMThread "VM Thread" [stack: 0x000000adca000000,0x000000adca100000] [id=10296]
  0x0000025257607800 WatcherThread [stack: 0x000000adcaa00000,0x000000adcab00000] [id=24152]
  0x0000025238669800 GCTaskThread "GC Thread#0" [stack: 0x000000adc9b00000,0x000000adc9c00000] [id=33044]
  0x0000025257ff7000 GCTaskThread "GC Thread#1" [stack: 0x000000adcac00000,0x000000adcad00000] [id=18576]
  0x0000025258dd1800 GCTaskThread "GC Thread#2" [stack: 0x000000adcb600000,0x000000adcb700000] [id=22852]
  0x00000252586c3800 GCTaskThread "GC Thread#3" [stack: 0x000000adcb700000,0x000000adcb800000] [id=9184]
  0x0000025257a80800 GCTaskThread "GC Thread#4" [stack: 0x000000adcb800000,0x000000adcb900000] [id=21928]
  0x0000025257a81800 GCTaskThread "GC Thread#5" [stack: 0x000000adcb900000,0x000000adcba00000] [id=35140]
  0x00000252576aa800 GCTaskThread "GC Thread#6" [stack: 0x000000adcba00000,0x000000adcbb00000] [id=24896]
  0x00000252576ab000 GCTaskThread "GC Thread#7" [stack: 0x000000adcbb00000,0x000000adcbc00000] [id=36140]
  0x0000025257ac2800 GCTaskThread "GC Thread#8" [stack: 0x000000adcbc00000,0x000000adcbd00000] [id=1848]
  0x0000025257ac3000 GCTaskThread "GC Thread#9" [stack: 0x000000adcbd00000,0x000000adcbe00000] [id=26272]
  0x0000025238699800 ConcurrentGCThread "G1 Main Marker" [stack: 0x000000adc9c00000,0x000000adc9d00000] [id=6292]
  0x000002523869b800 ConcurrentGCThread "G1 Conc#0" [stack: 0x000000adc9d00000,0x000000adc9e00000] [id=23952]
  0x00000252585ff000 ConcurrentGCThread "G1 Conc#1" [stack: 0x000000adcc000000,0x000000adcc100000] [id=2312]
  0x0000025258383800 ConcurrentGCThread "G1 Conc#2" [stack: 0x000000adcc100000,0x000000adcc200000] [id=27464]
  0x0000025256954800 ConcurrentGCThread "G1 Refine#0" [stack: 0x000000adc9e00000,0x000000adc9f00000] [id=26356]
  0x000002523871e000 ConcurrentGCThread "G1 Young RemSet Sampling" [stack: 0x000000adc9f00000,0x000000adca000000] [id=18304]

Threads with active compile tasks:
C2 CompilerThread0   100565 11182   !   4       java.lang.reflect.Executable::sharedToGenericString (321 bytes)

VM state:not at safepoint (normal execution)

VM Mutex/Monitor currently owned by a thread: None

Heap address: 0x0000000080000000, size: 2048 MB, Compressed Oops mode: 32-bit
Narrow klass base: 0x0000000000000000, Narrow klass shift: 3
Compressed class space size: 528482304 Address: 0x0000000100000000

Heap:
 garbage-first heap   total 162816K, used 128000K [0x0000000080000000, 0x0000000100000000)
  region size 1024K, 11 young (11264K), 2 survivors (2048K)
 Metaspace       used 95731K, capacity 98957K, committed 99164K, reserved 602112K
  class space    used 12790K, capacity 14103K, committed 14156K, reserved 516096K
Heap Regions: E=young(eden), S=young(survivor), O=old, HS=humongous(starts), HC=humongous(continues), CS=collection set, F=free, A=archive, TAMS=top-at-mark-start (previous, next)
|   0|0x0000000080000000, 0x0000000080100000, 0x0000000080100000|100%|HS|  |TAMS 0x0000000080100000, 0x0000000080000000| Complete 
|   1|0x0000000080100000, 0x0000000080200000, 0x0000000080200000|100%|HC|  |TAMS 0x0000000080200000, 0x0000000080100000| Complete 
|   2|0x0000000080200000, 0x0000000080300000, 0x0000000080300000|100%|HC|  |TAMS 0x0000000080300000, 0x0000000080200000| Complete 
|   3|0x0000000080300000, 0x0000000080400000, 0x0000000080400000|100%|HC|  |TAMS 0x0000000080400000, 0x0000000080300000| Complete 
|   4|0x0000000080400000, 0x0000000080500000, 0x0000000080500000|100%| O|  |TAMS 0x0000000080500000, 0x0000000080400000| Untracked 
|   5|0x0000000080500000, 0x0000000080600000, 0x0000000080600000|100%| O|  |TAMS 0x0000000080600000, 0x0000000080500000| Untracked 
|   6|0x0000000080600000, 0x0000000080700000, 0x0000000080700000|100%| O|  |TAMS 0x0000000080700000, 0x0000000080600000| Untracked 
|   7|0x0000000080700000, 0x0000000080800000, 0x0000000080800000|100%| O|  |TAMS 0x0000000080800000, 0x0000000080700000| Untracked 
|   8|0x0000000080800000, 0x0000000080900000, 0x0000000080900000|100%| O|  |TAMS 0x0000000080900000, 0x0000000080800000| Untracked 
|   9|0x0000000080900000, 0x0000000080a00000, 0x0000000080a00000|100%| O|  |TAMS 0x0000000080a00000, 0x0000000080900000| Untracked 
|  10|0x0000000080a00000, 0x0000000080b00000, 0x0000000080b00000|100%| O|  |TAMS 0x0000000080b00000, 0x0000000080a00000| Untracked 
|  11|0x0000000080b00000, 0x0000000080c00000, 0x0000000080c00000|100%| O|  |TAMS 0x0000000080c00000, 0x0000000080b00000| Untracked 
|  12|0x0000000080c00000, 0x0000000080d00000, 0x0000000080d00000|100%| O|  |TAMS 0x0000000080d00000, 0x0000000080c00000| Untracked 
|  13|0x0000000080d00000, 0x0000000080e00000, 0x0000000080e00000|100%| O|  |TAMS 0x0000000080e00000, 0x0000000080d00000| Untracked 
|  14|0x0000000080e00000, 0x0000000080f00000, 0x0000000080f00000|100%| O|  |TAMS 0x0000000080f00000, 0x0000000080e00000| Untracked 
|  15|0x0000000080f00000, 0x0000000081000000, 0x0000000081000000|100%| O|  |TAMS 0x0000000081000000, 0x0000000080f00000| Untracked 
|  16|0x0000000081000000, 0x0000000081100000, 0x0000000081100000|100%| O|  |TAMS 0x0000000081100000, 0x0000000081000000| Untracked 
|  17|0x0000000081100000, 0x0000000081200000, 0x0000000081200000|100%| O|  |TAMS 0x0000000081200000, 0x0000000081100000| Untracked 
|  18|0x0000000081200000, 0x0000000081300000, 0x0000000081300000|100%| O|  |TAMS 0x0000000081300000, 0x0000000081200000| Untracked 
|  19|0x0000000081300000, 0x0000000081400000, 0x0000000081400000|100%| O|  |TAMS 0x0000000081400000, 0x0000000081300000| Untracked 
|  20|0x0000000081400000, 0x0000000081500000, 0x0000000081500000|100%| O|  |TAMS 0x0000000081500000, 0x0000000081400000| Untracked 
|  21|0x0000000081500000, 0x0000000081600000, 0x0000000081600000|100%| O|  |TAMS 0x0000000081600000, 0x0000000081500000| Untracked 
|  22|0x0000000081600000, 0x0000000081700000, 0x0000000081700000|100%| O|  |TAMS 0x0000000081700000, 0x0000000081600000| Untracked 
|  23|0x0000000081700000, 0x0000000081800000, 0x0000000081800000|100%| O|  |TAMS 0x0000000081800000, 0x0000000081700000| Untracked 
|  24|0x0000000081800000, 0x0000000081900000, 0x0000000081900000|100%| O|  |TAMS 0x0000000081900000, 0x0000000081800000| Untracked 
|  25|0x0000000081900000, 0x0000000081a00000, 0x0000000081a00000|100%| O|  |TAMS 0x0000000081a00000, 0x0000000081900000| Untracked 
|  26|0x0000000081a00000, 0x0000000081b00000, 0x0000000081b00000|100%| O|  |TAMS 0x0000000081b00000, 0x0000000081a00000| Untracked 
|  27|0x0000000081b00000, 0x0000000081c00000, 0x0000000081c00000|100%| O|  |TAMS 0x0000000081c00000, 0x0000000081b00000| Untracked 
|  28|0x0000000081c00000, 0x0000000081d00000, 0x0000000081d00000|100%| O|  |TAMS 0x0000000081d00000, 0x0000000081c00000| Untracked 
|  29|0x0000000081d00000, 0x0000000081e00000, 0x0000000081e00000|100%| O|  |TAMS 0x0000000081e00000, 0x0000000081d00000| Untracked 
|  30|0x0000000081e00000, 0x0000000081f00000, 0x0000000081f00000|100%| O|  |TAMS 0x0000000081f00000, 0x0000000081e00000| Untracked 
|  31|0x0000000081f00000, 0x0000000082000000, 0x0000000082000000|100%|HS|  |TAMS 0x0000000082000000, 0x0000000081f00000| Complete 
|  32|0x0000000082000000, 0x0000000082100000, 0x0000000082100000|100%|HC|  |TAMS 0x0000000082100000, 0x0000000082000000| Complete 
|  33|0x0000000082100000, 0x0000000082200000, 0x0000000082200000|100%|HS|  |TAMS 0x0000000082200000, 0x0000000082100000| Complete 
|  34|0x0000000082200000, 0x0000000082300000, 0x0000000082300000|100%|HC|  |TAMS 0x0000000082300000, 0x0000000082200000| Complete 
|  35|0x0000000082300000, 0x0000000082400000, 0x0000000082400000|100%|HC|  |TAMS 0x0000000082400000, 0x0000000082300000| Complete 
|  36|0x0000000082400000, 0x0000000082500000, 0x0000000082500000|100%|HC|  |TAMS 0x0000000082500000, 0x0000000082400000| Complete 
|  37|0x0000000082500000, 0x0000000082600000, 0x0000000082600000|100%| O|  |TAMS 0x0000000082600000, 0x0000000082500000| Untracked 
|  38|0x0000000082600000, 0x0000000082700000, 0x0000000082700000|100%| O|  |TAMS 0x0000000082700000, 0x0000000082600000| Untracked 
|  39|0x0000000082700000, 0x0000000082800000, 0x0000000082800000|100%| O|  |TAMS 0x0000000082800000, 0x0000000082700000| Untracked 
|  40|0x0000000082800000, 0x0000000082900000, 0x0000000082900000|100%| O|  |TAMS 0x0000000082900000, 0x0000000082800000| Untracked 
|  41|0x0000000082900000, 0x0000000082a00000, 0x0000000082a00000|100%| O|  |TAMS 0x0000000082a00000, 0x0000000082900000| Untracked 
|  42|0x0000000082a00000, 0x0000000082b00000, 0x0000000082b00000|100%| O|  |TAMS 0x0000000082b00000, 0x0000000082a00000| Untracked 
|  43|0x0000000082b00000, 0x0000000082c00000, 0x0000000082c00000|100%| O|  |TAMS 0x0000000082c00000, 0x0000000082b00000| Untracked 
|  44|0x0000000082c00000, 0x0000000082d00000, 0x0000000082d00000|100%| O|  |TAMS 0x0000000082d00000, 0x0000000082c00000| Untracked 
|  45|0x0000000082d00000, 0x0000000082e00000, 0x0000000082e00000|100%| O|  |TAMS 0x0000000082e00000, 0x0000000082d00000| Untracked 
|  46|0x0000000082e00000, 0x0000000082f00000, 0x0000000082f00000|100%| O|  |TAMS 0x0000000082f00000, 0x0000000082e00000| Untracked 
|  47|0x0000000082f00000, 0x0000000083000000, 0x0000000083000000|100%| O|  |TAMS 0x0000000083000000, 0x0000000082f00000| Untracked 
|  48|0x0000000083000000, 0x0000000083100000, 0x0000000083100000|100%| O|  |TAMS 0x0000000083100000, 0x0000000083000000| Untracked 
|  49|0x0000000083100000, 0x0000000083200000, 0x0000000083200000|100%|HS|  |TAMS 0x0000000083200000, 0x0000000083100000| Complete 
|  50|0x0000000083200000, 0x0000000083300000, 0x0000000083300000|100%|HS|  |TAMS 0x0000000083300000, 0x0000000083200000| Complete 
|  51|0x0000000083300000, 0x0000000083400000, 0x0000000083400000|100%| O|  |TAMS 0x0000000083400000, 0x0000000083300000| Untracked 
|  52|0x0000000083400000, 0x0000000083500000, 0x0000000083500000|100%| O|  |TAMS 0x0000000083500000, 0x0000000083400000| Untracked 
|  53|0x0000000083500000, 0x0000000083600000, 0x0000000083600000|100%| O|  |TAMS 0x0000000083600000, 0x0000000083500000| Untracked 
|  54|0x0000000083600000, 0x0000000083700000, 0x0000000083700000|100%| O|  |TAMS 0x0000000083700000, 0x0000000083600000| Untracked 
|  55|0x0000000083700000, 0x0000000083800000, 0x0000000083800000|100%| O|  |TAMS 0x0000000083800000, 0x0000000083700000| Untracked 
|  56|0x0000000083800000, 0x0000000083900000, 0x0000000083900000|100%| O|  |TAMS 0x0000000083900000, 0x0000000083800000| Untracked 
|  57|0x0000000083900000, 0x0000000083a00000, 0x0000000083a00000|100%| O|  |TAMS 0x0000000083a00000, 0x0000000083900000| Untracked 
|  58|0x0000000083a00000, 0x0000000083b00000, 0x0000000083b00000|100%| O|  |TAMS 0x0000000083b00000, 0x0000000083a00000| Untracked 
|  59|0x0000000083b00000, 0x0000000083c00000, 0x0000000083c00000|100%| O|  |TAMS 0x0000000083c00000, 0x0000000083b00000| Untracked 
|  60|0x0000000083c00000, 0x0000000083d00000, 0x0000000083d00000|100%| O|  |TAMS 0x0000000083d00000, 0x0000000083c00000| Untracked 
|  61|0x0000000083d00000, 0x0000000083e00000, 0x0000000083e00000|100%| O|  |TAMS 0x0000000083e00000, 0x0000000083d00000| Untracked 
|  62|0x0000000083e00000, 0x0000000083f00000, 0x0000000083f00000|100%| O|  |TAMS 0x0000000083f00000, 0x0000000083e00000| Untracked 
|  63|0x0000000083f00000, 0x0000000084000000, 0x0000000084000000|100%| O|  |TAMS 0x0000000084000000, 0x0000000083f00000| Untracked 
|  64|0x0000000084000000, 0x0000000084100000, 0x0000000084100000|100%| O|  |TAMS 0x0000000084100000, 0x0000000084000000| Untracked 
|  65|0x0000000084100000, 0x0000000084200000, 0x0000000084200000|100%| O|  |TAMS 0x0000000084200000, 0x0000000084100000| Untracked 
|  66|0x0000000084200000, 0x0000000084300000, 0x0000000084300000|100%| O|  |TAMS 0x0000000084300000, 0x0000000084200000| Untracked 
|  67|0x0000000084300000, 0x0000000084400000, 0x0000000084400000|100%| O|  |TAMS 0x0000000084400000, 0x0000000084300000| Untracked 
|  68|0x0000000084400000, 0x0000000084500000, 0x0000000084500000|100%| O|  |TAMS 0x0000000084500000, 0x0000000084400000| Untracked 
|  69|0x0000000084500000, 0x0000000084600000, 0x0000000084600000|100%| O|  |TAMS 0x0000000084600000, 0x0000000084500000| Untracked 
|  70|0x0000000084600000, 0x0000000084700000, 0x0000000084700000|100%| O|  |TAMS 0x0000000084700000, 0x0000000084600000| Untracked 
|  71|0x0000000084700000, 0x0000000084800000, 0x0000000084800000|100%| O|  |TAMS 0x0000000084800000, 0x0000000084700000| Untracked 
|  72|0x0000000084800000, 0x0000000084900000, 0x0000000084900000|100%| O|  |TAMS 0x0000000084900000, 0x0000000084800000| Untracked 
|  73|0x0000000084900000, 0x0000000084a00000, 0x0000000084a00000|100%| O|  |TAMS 0x0000000084a00000, 0x0000000084900000| Untracked 
|  74|0x0000000084a00000, 0x0000000084b00000, 0x0000000084b00000|100%| O|  |TAMS 0x0000000084b00000, 0x0000000084a00000| Untracked 
|  75|0x0000000084b00000, 0x0000000084c00000, 0x0000000084c00000|100%| O|  |TAMS 0x0000000084c00000, 0x0000000084b00000| Untracked 
|  76|0x0000000084c00000, 0x0000000084d00000, 0x0000000084d00000|100%| O|  |TAMS 0x0000000084d00000, 0x0000000084c00000| Untracked 
|  77|0x0000000084d00000, 0x0000000084e00000, 0x0000000084e00000|100%| O|  |TAMS 0x0000000084e00000, 0x0000000084d00000| Untracked 
|  78|0x0000000084e00000, 0x0000000084f00000, 0x0000000084f00000|100%| O|  |TAMS 0x0000000084f00000, 0x0000000084e00000| Untracked 
|  79|0x0000000084f00000, 0x0000000085000000, 0x0000000085000000|100%| O|  |TAMS 0x0000000085000000, 0x0000000084f00000| Untracked 
|  80|0x0000000085000000, 0x0000000085100000, 0x0000000085100000|100%| O|  |TAMS 0x0000000085100000, 0x0000000085000000| Untracked 
|  81|0x0000000085100000, 0x0000000085200000, 0x0000000085200000|100%| O|  |TAMS 0x0000000085200000, 0x0000000085100000| Untracked 
|  82|0x0000000085200000, 0x0000000085300000, 0x0000000085300000|100%|HS|  |TAMS 0x0000000085300000, 0x0000000085200000| Complete 
|  83|0x0000000085300000, 0x0000000085400000, 0x0000000085400000|100%|HC|  |TAMS 0x0000000085400000, 0x0000000085300000| Complete 
|  84|0x0000000085400000, 0x0000000085500000, 0x0000000085500000|100%|HS|  |TAMS 0x0000000085500000, 0x0000000085400000| Complete 
|  85|0x0000000085500000, 0x0000000085600000, 0x0000000085600000|100%|HC|  |TAMS 0x0000000085600000, 0x0000000085500000| Complete 
|  86|0x0000000085600000, 0x0000000085700000, 0x0000000085700000|100%|HC|  |TAMS 0x0000000085700000, 0x0000000085600000| Complete 
|  87|0x0000000085700000, 0x0000000085800000, 0x0000000085800000|100%|HC|  |TAMS 0x0000000085800000, 0x0000000085700000| Complete 
|  88|0x0000000085800000, 0x0000000085900000, 0x0000000085900000|100%| O|  |TAMS 0x0000000085900000, 0x0000000085800000| Untracked 
|  89|0x0000000085900000, 0x0000000085a00000, 0x0000000085a00000|100%| O|  |TAMS 0x0000000085a00000, 0x0000000085900000| Untracked 
|  90|0x0000000085a00000, 0x0000000085b00000, 0x0000000085b00000|100%| O|  |TAMS 0x0000000085b00000, 0x0000000085a00000| Untracked 
|  91|0x0000000085b00000, 0x0000000085c00000, 0x0000000085c00000|100%| O|  |TAMS 0x0000000085c00000, 0x0000000085b00000| Untracked 
|  92|0x0000000085c00000, 0x0000000085d00000, 0x0000000085d00000|100%| O|  |TAMS 0x0000000085d00000, 0x0000000085c00000| Untracked 
|  93|0x0000000085d00000, 0x0000000085e00000, 0x0000000085e00000|100%| O|  |TAMS 0x0000000085e00000, 0x0000000085d00000| Untracked 
|  94|0x0000000085e00000, 0x0000000085f00000, 0x0000000085f00000|100%| O|  |TAMS 0x0000000085f00000, 0x0000000085e00000| Untracked 
|  95|0x0000000085f00000, 0x0000000086000000, 0x0000000086000000|100%| O|  |TAMS 0x0000000086000000, 0x0000000085f00000| Untracked 
|  96|0x0000000086000000, 0x0000000086100000, 0x0000000086100000|100%| O|  |TAMS 0x0000000086100000, 0x0000000086000000| Untracked 
|  97|0x0000000086100000, 0x0000000086200000, 0x0000000086200000|100%| O|  |TAMS 0x0000000086194400, 0x0000000086100000| Untracked 
|  98|0x0000000086200000, 0x0000000086300000, 0x0000000086300000|100%| O|  |TAMS 0x0000000086300000, 0x0000000086200000| Untracked 
|  99|0x0000000086300000, 0x0000000086400000, 0x0000000086400000|100%| O|  |TAMS 0x0000000086400000, 0x0000000086300000| Untracked 
| 100|0x0000000086400000, 0x0000000086500000, 0x0000000086500000|100%|HS|  |TAMS 0x0000000086500000, 0x0000000086400000| Complete 
| 101|0x0000000086500000, 0x0000000086600000, 0x0000000086600000|100%|HS|  |TAMS 0x0000000086600000, 0x0000000086500000| Complete 
| 102|0x0000000086600000, 0x0000000086700000, 0x0000000086700000|100%|HS|  |TAMS 0x0000000086700000, 0x0000000086600000| Complete 
| 103|0x0000000086700000, 0x0000000086800000, 0x0000000086800000|100%|HS|  |TAMS 0x0000000086800000, 0x0000000086700000| Complete 
| 104|0x0000000086800000, 0x0000000086900000, 0x0000000086900000|100%|HC|  |TAMS 0x0000000086900000, 0x0000000086800000| Complete 
| 105|0x0000000086900000, 0x0000000086a00000, 0x0000000086a00000|100%|HC|  |TAMS 0x0000000086a00000, 0x0000000086900000| Complete 
| 106|0x0000000086a00000, 0x0000000086b00000, 0x0000000086b00000|100%| O|  |TAMS 0x0000000086b00000, 0x0000000086a00000| Untracked 
| 107|0x0000000086b00000, 0x0000000086c00000, 0x0000000086c00000|100%| O|  |TAMS 0x0000000086c00000, 0x0000000086b00000| Untracked 
| 108|0x0000000086c00000, 0x0000000086d00000, 0x0000000086d00000|100%| O|  |TAMS 0x0000000086d00000, 0x0000000086c00000| Untracked 
| 109|0x0000000086d00000, 0x0000000086e00000, 0x0000000086e00000|100%|HS|  |TAMS 0x0000000086e00000, 0x0000000086d00000| Complete 
| 110|0x0000000086e00000, 0x0000000086f00000, 0x0000000086f00000|100%|HC|  |TAMS 0x0000000086f00000, 0x0000000086e00000| Complete 
| 111|0x0000000086f00000, 0x0000000087000000, 0x0000000087000000|100%| O|  |TAMS 0x0000000087000000, 0x0000000086f00000| Untracked 
| 112|0x0000000087000000, 0x0000000087000000, 0x0000000087100000|  0%| F|  |TAMS 0x0000000087000000, 0x0000000087000000| Untracked 
| 113|0x0000000087100000, 0x0000000087100000, 0x0000000087200000|  0%| F|  |TAMS 0x0000000087100000, 0x0000000087100000| Untracked 
| 114|0x0000000087200000, 0x0000000087200000, 0x0000000087300000|  0%| F|  |TAMS 0x0000000087200000, 0x0000000087200000| Untracked 
| 115|0x0000000087300000, 0x0000000087300000, 0x0000000087400000|  0%| F|  |TAMS 0x0000000087300000, 0x0000000087300000| Untracked 
| 116|0x0000000087400000, 0x0000000087400000, 0x0000000087500000|  0%| F|  |TAMS 0x0000000087400000, 0x0000000087400000| Untracked 
| 117|0x0000000087500000, 0x0000000087500000, 0x0000000087600000|  0%| F|  |TAMS 0x0000000087500000, 0x0000000087500000| Untracked 
| 118|0x0000000087600000, 0x0000000087700000, 0x0000000087700000|100%| O|  |TAMS 0x0000000087700000, 0x0000000087600000| Untracked 
| 119|0x0000000087700000, 0x0000000087800000, 0x0000000087800000|100%| O|  |TAMS 0x0000000087800000, 0x0000000087700000| Untracked 
| 120|0x0000000087800000, 0x0000000087800000, 0x0000000087900000|  0%| F|  |TAMS 0x0000000087800000, 0x0000000087800000| Untracked 
| 121|0x0000000087900000, 0x0000000087a00000, 0x0000000087a00000|100%| O|  |TAMS 0x0000000087a00000, 0x0000000087900000| Untracked 
| 122|0x0000000087a00000, 0x0000000087a00000, 0x0000000087b00000|  0%| F|  |TAMS 0x0000000087a00000, 0x0000000087a00000| Untracked 
| 123|0x0000000087b00000, 0x0000000087b00000, 0x0000000087c00000|  0%| F|  |TAMS 0x0000000087b00000, 0x0000000087b00000| Untracked 
| 124|0x0000000087c00000, 0x0000000087c00000, 0x0000000087d00000|  0%| F|  |TAMS 0x0000000087c00000, 0x0000000087c00000| Untracked 
| 125|0x0000000087d00000, 0x0000000087d00000, 0x0000000087e00000|  0%| F|  |TAMS 0x0000000087d00000, 0x0000000087d00000| Untracked 
| 126|0x0000000087e00000, 0x0000000087e00000, 0x0000000087f00000|  0%| F|  |TAMS 0x0000000087e00000, 0x0000000087e00000| Untracked 
| 127|0x0000000087f00000, 0x0000000087f00000, 0x0000000088000000|  0%| F|  |TAMS 0x0000000087f00000, 0x0000000087f00000| Untracked 
| 128|0x0000000088000000, 0x0000000088000000, 0x0000000088100000|  0%| F|  |TAMS 0x0000000088000000, 0x0000000088000000| Untracked 
| 129|0x0000000088100000, 0x0000000088100000, 0x0000000088200000|  0%| F|  |TAMS 0x0000000088100000, 0x0000000088100000| Untracked 
| 130|0x0000000088200000, 0x0000000088200000, 0x0000000088300000|  0%| F|  |TAMS 0x0000000088200000, 0x0000000088200000| Untracked 
| 131|0x0000000088300000, 0x0000000088300000, 0x0000000088400000|  0%| F|  |TAMS 0x0000000088300000, 0x0000000088300000| Untracked 
| 132|0x0000000088400000, 0x0000000088400000, 0x0000000088500000|  0%| F|  |TAMS 0x0000000088400000, 0x0000000088400000| Untracked 
| 133|0x0000000088500000, 0x0000000088500000, 0x0000000088600000|  0%| F|  |TAMS 0x0000000088500000, 0x0000000088500000| Untracked 
| 134|0x0000000088600000, 0x0000000088600000, 0x0000000088700000|  0%| F|  |TAMS 0x0000000088600000, 0x0000000088600000| Untracked 
| 135|0x0000000088700000, 0x0000000088700000, 0x0000000088800000|  0%| F|  |TAMS 0x0000000088700000, 0x0000000088700000| Untracked 
| 136|0x0000000088800000, 0x0000000088800000, 0x0000000088900000|  0%| F|  |TAMS 0x0000000088800000, 0x0000000088800000| Untracked 
| 137|0x0000000088900000, 0x0000000088900000, 0x0000000088a00000|  0%| F|  |TAMS 0x0000000088900000, 0x0000000088900000| Untracked 
| 138|0x0000000088a00000, 0x0000000088a00000, 0x0000000088b00000|  0%| F|  |TAMS 0x0000000088a00000, 0x0000000088a00000| Untracked 
| 139|0x0000000088b00000, 0x0000000088b00000, 0x0000000088c00000|  0%| F|  |TAMS 0x0000000088b00000, 0x0000000088b00000| Untracked 
| 140|0x0000000088c00000, 0x0000000088c00000, 0x0000000088d00000|  0%| F|  |TAMS 0x0000000088c00000, 0x0000000088c00000| Untracked 
| 141|0x0000000088d00000, 0x0000000088d00000, 0x0000000088e00000|  0%| F|  |TAMS 0x0000000088d00000, 0x0000000088d00000| Untracked 
| 142|0x0000000088e00000, 0x0000000088e00000, 0x0000000088f00000|  0%| F|  |TAMS 0x0000000088e00000, 0x0000000088e00000| Untracked 
| 143|0x0000000088f00000, 0x0000000088f00000, 0x0000000089000000|  0%| F|  |TAMS 0x0000000088f00000, 0x0000000088f00000| Untracked 
| 144|0x0000000089000000, 0x0000000089100000, 0x0000000089100000|100%| S|CS|TAMS 0x0000000089000000, 0x0000000089000000| Complete 
| 145|0x0000000089100000, 0x0000000089200000, 0x0000000089200000|100%| S|CS|TAMS 0x0000000089100000, 0x0000000089100000| Complete 
| 146|0x0000000089200000, 0x0000000089200000, 0x0000000089300000|  0%| F|  |TAMS 0x0000000089200000, 0x0000000089200000| Untracked 
| 147|0x0000000089300000, 0x0000000089300000, 0x0000000089400000|  0%| F|  |TAMS 0x0000000089300000, 0x0000000089300000| Untracked 
| 148|0x0000000089400000, 0x0000000089400000, 0x0000000089500000|  0%| F|  |TAMS 0x0000000089400000, 0x0000000089400000| Untracked 
| 149|0x0000000089500000, 0x0000000089500000, 0x0000000089600000|  0%| F|  |TAMS 0x0000000089500000, 0x0000000089500000| Untracked 
| 150|0x0000000089600000, 0x00000000896e9540, 0x0000000089700000| 91%| E|  |TAMS 0x0000000089600000, 0x0000000089600000| Complete 
| 151|0x0000000089700000, 0x0000000089800000, 0x0000000089800000|100%| E|CS|TAMS 0x0000000089700000, 0x0000000089700000| Complete 
| 152|0x0000000089800000, 0x0000000089900000, 0x0000000089900000|100%| E|CS|TAMS 0x0000000089800000, 0x0000000089800000| Complete 
| 153|0x0000000089900000, 0x0000000089a00000, 0x0000000089a00000|100%| E|CS|TAMS 0x0000000089900000, 0x0000000089900000| Complete 
| 154|0x0000000089a00000, 0x0000000089b00000, 0x0000000089b00000|100%| E|CS|TAMS 0x0000000089a00000, 0x0000000089a00000| Complete 
| 155|0x0000000089b00000, 0x0000000089c00000, 0x0000000089c00000|100%| E|CS|TAMS 0x0000000089b00000, 0x0000000089b00000| Complete 
| 156|0x0000000089c00000, 0x0000000089d00000, 0x0000000089d00000|100%| E|CS|TAMS 0x0000000089c00000, 0x0000000089c00000| Complete 
| 157|0x0000000089d00000, 0x0000000089e00000, 0x0000000089e00000|100%| E|CS|TAMS 0x0000000089d00000, 0x0000000089d00000| Complete 
| 158|0x0000000089e00000, 0x0000000089f00000, 0x0000000089f00000|100%| E|CS|TAMS 0x0000000089e00000, 0x0000000089e00000| Complete 

Card table byte_map: [0x000002524f680000,0x000002524fa80000] _byte_map_base: 0x000002524f280000

Marking Bits (Prev, Next): (CMBitMap*) 0x0000025238690a50, (CMBitMap*) 0x0000025238690a18
 Prev Bits: [0x0000025251e80000, 0x0000025253e80000)
 Next Bits: [0x000002524fe80000, 0x0000025251e80000)

Polling page: 0x0000025236620000

Metaspace:

Usage:
  Non-class:     82.87 MB capacity,    81.00 MB ( 98%) used,     1.57 MB (  2%) free+waste,   310.06 KB ( <1%) overhead. 
      Class:     13.77 MB capacity,    12.49 MB ( 91%) used,     1.14 MB (  8%) free+waste,   148.56 KB (  1%) overhead. 
       Both:     96.64 MB capacity,    93.49 MB ( 97%) used,     2.70 MB (  3%) free+waste,   458.62 KB ( <1%) overhead. 

Virtual space:
  Non-class space:       84.00 MB reserved,      83.02 MB ( 99%) committed 
      Class space:      504.00 MB reserved,      13.82 MB (  3%) committed 
             Both:      588.00 MB reserved,      96.84 MB ( 16%) committed 

Chunk freelists:
   Non-Class:  3.25 KB
       Class:  1.12 KB
        Both:  4.38 KB

CodeHeap 'non-profiled nmethods': size=120000Kb used=6129Kb max_used=6129Kb free=113870Kb
 bounds [0x00000252477f0000, 0x0000025247df0000, 0x000002524ed20000]
CodeHeap 'profiled nmethods': size=120000Kb used=24188Kb max_used=24188Kb free=95811Kb
 bounds [0x00000252402c0000, 0x0000025241a60000, 0x00000252477f0000]
CodeHeap 'non-nmethods': size=5760Kb used=2311Kb max_used=2369Kb free=3448Kb
 bounds [0x000002523fd20000, 0x000002523ff90000, 0x00000252402c0000]
 total_blobs=12035 nmethods=11106 adapters=840
 compilation: enabled
              stopped_count=0, restarted_count=0
 full_count=0

Compilation events (10 events):
Event: 100.439 Thread 0x0000025256b0e800 11333       2       org.gradle.internal.extensibility.ExtraPropertiesDynamicObjectAdapter::hasProperty (11 bytes)
Event: 100.439 Thread 0x0000025256b0e800 nmethod 11333 0x0000025241a5d090 code [0x0000025241a5d240, 0x0000025241a5d3a8]
Event: 100.449 Thread 0x0000025256b0e800 11334       2       org.gradle.internal.extensibility.DefaultConvention$ExtensionsDynamicObject::hasProperty (81 bytes)
Event: 100.450 Thread 0x0000025256b0e800 nmethod 11334 0x0000025241a5d490 code [0x0000025241a5d6a0, 0x0000025241a5d9a8]
Event: 100.454 Thread 0x0000025256b0e800 11335       2       java.lang.Enum::valueOf (73 bytes)
Event: 100.455 Thread 0x0000025256b0e800 nmethod 11335 0x0000025241a5dc10 code [0x0000025241a5de60, 0x0000025241a5e418]
Event: 100.464 Thread 0x0000025256b0e800 11337       2       jdk.internal.reflect.Label::add (23 bytes)
Event: 100.464 Thread 0x0000025256b0e800 nmethod 11337 0x0000025241a5e710 code [0x0000025241a5e8c0, 0x0000025241a5eaa8]
Event: 100.464 Thread 0x0000025256b0e800 11338       2       jdk.internal.reflect.ClassFileAssembler::emitShort (38 bytes)
Event: 100.465 Thread 0x0000025256b0e800 nmethod 11338 0x0000025241a5eb90 code [0x0000025241a5ed60, 0x0000025241a5f018]

GC Heap History (10 events):
Event: 98.901 GC heap before
{Heap before GC invocations=64 (full 0):
 garbage-first heap   total 124928K, used 120727K [0x0000000080000000, 0x0000000100000000)
  region size 1024K, 6 young (6144K), 1 survivors (1024K)
 Metaspace       used 94313K, capacity 97410K, committed 97628K, reserved 600064K
  class space    used 12585K, capacity 13843K, committed 13900K, reserved 516096K
}
Event: 98.904 GC heap after
{Heap after GC invocations=65 (full 0):
 garbage-first heap   total 124928K, used 117185K [0x0000000080000000, 0x0000000100000000)
  region size 1024K, 1 young (1024K), 1 survivors (1024K)
 Metaspace       used 94313K, capacity 97410K, committed 97628K, reserved 600064K
  class space    used 12585K, capacity 13843K, committed 13900K, reserved 516096K
}
Event: 99.039 GC heap before
{Heap before GC invocations=65 (full 0):
 garbage-first heap   total 124928K, used 122305K [0x0000000080000000, 0x0000000100000000)
  region size 1024K, 6 young (6144K), 1 survivors (1024K)
 Metaspace       used 94489K, capacity 97634K, committed 97884K, reserved 602112K
  class space    used 12609K, capacity 13875K, committed 13900K, reserved 516096K
}
Event: 99.043 GC heap after
{Heap after GC invocations=66 (full 0):
 garbage-first heap   total 124928K, used 117369K [0x0000000080000000, 0x0000000100000000)
  region size 1024K, 1 young (1024K), 1 survivors (1024K)
 Metaspace       used 94489K, capacity 97634K, committed 97884K, reserved 602112K
  class space    used 12609K, capacity 13875K, committed 13900K, reserved 516096K
}
Event: 99.259 GC heap before
{Heap before GC invocations=67 (full 0):
 garbage-first heap   total 124928K, used 122489K [0x0000000080000000, 0x0000000100000000)
  region size 1024K, 6 young (6144K), 1 survivors (1024K)
 Metaspace       used 94637K, capacity 97760K, committed 98012K, reserved 602112K
  class space    used 12646K, capacity 13921K, committed 14028K, reserved 516096K
}
Event: 99.286 GC heap after
{Heap after GC invocations=68 (full 0):
 garbage-first heap   total 124928K, used 117769K [0x0000000080000000, 0x0000000100000000)
  region size 1024K, 1 young (1024K), 1 survivors (1024K)
 Metaspace       used 94637K, capacity 97760K, committed 98012K, reserved 602112K
  class space    used 12646K, capacity 13921K, committed 14028K, reserved 516096K
}
Event: 99.456 GC heap before
{Heap before GC invocations=68 (full 0):
 garbage-first heap   total 124928K, used 122889K [0x0000000080000000, 0x0000000100000000)
  region size 1024K, 6 young (6144K), 1 survivors (1024K)
 Metaspace       used 94994K, capacity 98181K, committed 98268K, reserved 602112K
  class space    used 12695K, capacity 13997K, committed 14028K, reserved 516096K
}
Event: 99.462 GC heap after
{Heap after GC invocations=69 (full 0):
 garbage-first heap   total 162816K, used 118325K [0x0000000080000000, 0x0000000100000000)
  region size 1024K, 1 young (1024K), 1 survivors (1024K)
 Metaspace       used 94994K, capacity 98181K, committed 98268K, reserved 602112K
  class space    used 12695K, capacity 13997K, committed 14028K, reserved 516096K
}
Event: 100.048 GC heap before
{Heap before GC invocations=70 (full 0):
 garbage-first heap   total 162816K, used 131637K [0x0000000080000000, 0x0000000100000000)
  region size 1024K, 14 young (14336K), 1 survivors (1024K)
 Metaspace       used 95274K, capacity 98391K, committed 98524K, reserved 602112K
  class space    used 12727K, capacity 14002K, committed 14028K, reserved 516096K
}
Event: 100.052 GC heap after
{Heap after GC invocations=71 (full 0):
 garbage-first heap   total 162816K, used 119808K [0x0000000080000000, 0x0000000100000000)
  region size 1024K, 2 young (2048K), 2 survivors (2048K)
 Metaspace       used 95274K, capacity 98391K, committed 98524K, reserved 602112K
  class space    used 12727K, capacity 14002K, committed 14028K, reserved 516096K
}

Deoptimization events (10 events):
Event: 82.360 Thread 0x0000025258268000 Uncommon trap: reason=unstable_if action=reinterpret pc=0x0000025247a8a3dc method=java.lang.Class.getTypeName()Ljava/lang/String; @ 23 c2
Event: 84.605 Thread 0x0000025258268000 Uncommon trap: reason=class_check action=maybe_recompile pc=0x0000025247a0bf68 method=java.util.stream.StreamOpFlag.fromCharacteristics(Ljava/util/Spliterator;)I @ 14 c2
Event: 85.060 Thread 0x0000025258268000 Uncommon trap: reason=class_check action=maybe_recompile pc=0x0000025247b17e50 method=java.lang.Class.createAnnotationData(I)Ljava/lang/Class$AnnotationData; @ 103 c2
Event: 87.724 Thread 0x0000025258268000 Uncommon trap: reason=class_check action=maybe_recompile pc=0x00000252479b037c method=java.util.stream.StreamOpFlag.fromCharacteristics(Ljava/util/Spliterator;)I @ 14 c2
Event: 95.849 Thread 0x0000025257a73000 Uncommon trap: reason=unstable_if action=reinterpret pc=0x0000025247daa080 method=java.math.BigInteger.makePositive([BII)[I @ 40 c2
Event: 95.912 Thread 0x0000025258268000 Uncommon trap: reason=null_check action=make_not_entrant pc=0x0000025247d59f9c method=org.gradle.cache.internal.DefaultCrossBuildInMemoryCacheFactory$DefaultCrossBuildInMemoryCache.maybeGetRetainedValue(Ljava/lang/Object;)Ljava/lang/Object; @ 10 c2
Event: 98.177 Thread 0x0000025258268000 Uncommon trap: reason=unstable_if action=reinterpret pc=0x00000252478c979c method=java.lang.Integer.stringSize(I)I @ 19 c2
Event: 98.600 Thread 0x0000025258268000 Uncommon trap: reason=unstable_if action=reinterpret pc=0x0000025247a45c2c method=sun.net.www.protocol.jar.Handler.parseURL(Ljava/net/URL;Ljava/lang/String;II)V @ 116 c2
Event: 99.377 Thread 0x0000025258268000 Uncommon trap: reason=unstable_if action=reinterpret pc=0x0000025247a81d2c method=groovy.lang.MetaClassImpl.checkIfStdMethod(Lgroovy/lang/MetaMethod;)V @ 167 c2
Event: 100.313 Thread 0x0000025258268000 Uncommon trap: reason=unstable_if action=reinterpret pc=0x0000025247bc0ccc method=java.lang.StringLatin1.regionMatchesCI([BI[BII)Z @ 66 c2

Classes redefined (0 events):
No events

Internal exceptions (10 events):
Event: 99.721 Thread 0x0000025258268000 Exception <a 'java/lang/ClassNotFoundException'{0x000000008982ed98}: java/util/TreeSetCustomizer> (0x000000008982ed98) thrown at [./open/src/hotspot/share/classfile/systemDictionary.cpp, line 226]
Event: 99.808 Thread 0x0000025258268000 Exception <a 'java/lang/ClassNotFoundException'{0x00000000897932f8}: org/gradle/api/internal/artifacts/dependencies/DefaultProjectDependency_DecoratedBeanInfo> (0x00000000897932f8) thrown at [./open/src/hotspot/share/classfile/systemDictionary.cpp, line 2
Event: 99.810 Thread 0x0000025258268000 Exception <a 'java/lang/ClassNotFoundException'{0x00000000897dcbe8}: org/gradle/api/internal/artifacts/dependencies/DefaultProjectDependencyBeanInfo> (0x00000000897dcbe8) thrown at [./open/src/hotspot/share/classfile/systemDictionary.cpp, line 226]
Event: 99.813 Thread 0x0000025258268000 Exception <a 'java/lang/ClassNotFoundException'{0x0000000089626780}: org/gradle/api/internal/artifacts/dependencies/DefaultProjectDependencyCustomizer> (0x0000000089626780) thrown at [./open/src/hotspot/share/classfile/systemDictionary.cpp, line 226]
Event: 99.826 Thread 0x0000025258268000 Exception <a 'java/lang/ClassNotFoundException'{0x00000000896883c8}: org/gradle/api/internal/artifacts/dependencies/DefaultProjectDependency_DecoratedCustomizer> (0x00000000896883c8) thrown at [./open/src/hotspot/share/classfile/systemDictionary.cpp, line
Event: 100.067 Thread 0x0000025258268000 Exception <a 'java/lang/ClassNotFoundException'{0x0000000089e97ba0}: com/android/build/gradle/internal/api/ReadOnlyBuildTypeBeanInfo> (0x0000000089e97ba0) thrown at [./open/src/hotspot/share/classfile/systemDictionary.cpp, line 226]
Event: 100.068 Thread 0x0000025258268000 Exception <a 'java/lang/ClassNotFoundException'{0x0000000089eb3538}: com/android/build/gradle/internal/api/ReadOnlyBaseConfigBeanInfo> (0x0000000089eb3538) thrown at [./open/src/hotspot/share/classfile/systemDictionary.cpp, line 226]
Event: 100.068 Thread 0x0000025258268000 Exception <a 'java/lang/ClassNotFoundException'{0x0000000089ecf978}: com/android/build/gradle/internal/api/ReadOnlyBaseConfigCustomizer> (0x0000000089ecf978) thrown at [./open/src/hotspot/share/classfile/systemDictionary.cpp, line 226]
Event: 100.069 Thread 0x0000025258268000 Exception <a 'java/lang/ClassNotFoundException'{0x0000000089efba50}: com/android/build/gradle/internal/api/ReadOnlyBuildTypeCustomizer> (0x0000000089efba50) thrown at [./open/src/hotspot/share/classfile/systemDictionary.cpp, line 226]
Event: 100.152 Thread 0x0000025258268000 Exception <a 'java/lang/NoClassDefFoundError'{0x0000000089b82be8}: org/jetbrains/kotlin/gradle/plugin/KotlinBasePluginWrapper> (0x0000000089b82be8) thrown at [./open/src/hotspot/share/oops/constantPool.cpp, line 770]

Events (10 events):
Event: 100.351 loading class org/jetbrains/kotlin/gradle/plugin/mpp/KotlinAndroidTarget$createAndroidUsageContexts$artifact$1$2
Event: 100.351 loading class org/jetbrains/kotlin/gradle/plugin/mpp/KotlinAndroidTarget$createAndroidUsageContexts$artifact$1$2 done
Event: 100.363 loading class org/jetbrains/kotlin/gradle/plugin/mpp/KotlinAndroidTarget$createAndroidUsageContexts$1$1
Event: 100.363 loading class org/jetbrains/kotlin/gradle/plugin/mpp/KotlinAndroidTarget$createAndroidUsageContexts$1$1 done
Event: 100.418 loading class org/jetbrains/kotlin/gradle/plugin/mpp/KotlinMultiplatformPluginKt$applyUserDefinedAttributes$1$2
Event: 100.418 loading class org/jetbrains/kotlin/gradle/plugin/mpp/KotlinMultiplatformPluginKt$applyUserDefinedAttributes$1$2 done
Event: 100.420 loading class org/jetbrains/kotlin/gradle/plugin/KotlinCompilationToRunnableFiles$DefaultImpls
Event: 100.420 loading class org/jetbrains/kotlin/gradle/plugin/KotlinCompilationToRunnableFiles$DefaultImpls done
Event: 100.452 Thread 0x0000025258268000 DEOPT PACKING pc=0x0000025241549784 sp=0x000000adcb2f91d0
Event: 100.452 Thread 0x0000025258268000 DEOPT UNPACKING pc=0x000002523fd46d5e sp=0x000000adcb2f86f0 mode 0


Dynamic libraries:
0x00007ff6b4490000 - 0x00007ff6b44a0000 	C:\Program Files\Java\jdk-11\bin\java.exe
0x00007ffc87170000 - 0x00007ffc87384000 	C:\WINDOWS\SYSTEM32\ntdll.dll
0x00007ffc85520000 - 0x00007ffc855e2000 	C:\WINDOWS\System32\KERNEL32.DLL
0x00007ffc84690000 - 0x00007ffc84a33000 	C:\WINDOWS\System32\KERNELBASE.dll
0x00007ffc84e30000 - 0x00007ffc84f41000 	C:\WINDOWS\System32\ucrtbase.dll
0x00007ffc4e200000 - 0x00007ffc4e219000 	C:\Program Files\Java\jdk-11\bin\jli.dll
0x00007ffc84fd0000 - 0x00007ffc8507e000 	C:\WINDOWS\System32\ADVAPI32.dll
0x00007ffc85a70000 - 0x00007ffc85b17000 	C:\WINDOWS\System32\msvcrt.dll
0x00007ffc85cd0000 - 0x00007ffc85d74000 	C:\WINDOWS\System32\sechost.dll
0x00007ffc856c0000 - 0x00007ffc857d7000 	C:\WINDOWS\System32\RPCRT4.dll
0x00007ffc85b20000 - 0x00007ffc85cca000 	C:\WINDOWS\System32\USER32.dll
0x00007ffc84a40000 - 0x00007ffc84a66000 	C:\WINDOWS\System32\win32u.dll
0x00007ffc86dd0000 - 0x00007ffc86df9000 	C:\WINDOWS\System32\GDI32.dll
0x00007ffc84570000 - 0x00007ffc84689000 	C:\WINDOWS\System32\gdi32full.dll
0x00007ffc4e220000 - 0x00007ffc4e23b000 	C:\Program Files\Java\jdk-11\bin\VCRUNTIME140.dll
0x00007ffc84a70000 - 0x00007ffc84b0a000 	C:\WINDOWS\System32\msvcp_win.dll
0x00007ffc703e0000 - 0x00007ffc7066e000 	C:\WINDOWS\WinSxS\amd64_microsoft.windows.common-controls_6595b64144ccf1df_6.0.22621.1635_none_270f70857386168e\COMCTL32.dll
0x00007ffc7c880000 - 0x00007ffc7c88a000 	C:\WINDOWS\SYSTEM32\VERSION.dll
0x00007ffc861e0000 - 0x00007ffc86211000 	C:\WINDOWS\System32\IMM32.DLL
0x00007ffc7eca0000 - 0x00007ffc7ecac000 	C:\Program Files\Java\jdk-11\bin\vcruntime140_1.dll
0x00007ffc2c8b0000 - 0x00007ffc2c93e000 	C:\Program Files\Java\jdk-11\bin\msvcp140.dll
0x00007ffc1d7b0000 - 0x00007ffc1e31c000 	C:\Program Files\Java\jdk-11\bin\server\jvm.dll
0x00007ffc86220000 - 0x00007ffc86228000 	C:\WINDOWS\System32\PSAPI.DLL
0x00007ffc6b810000 - 0x00007ffc6b819000 	C:\WINDOWS\SYSTEM32\WSOCK32.dll
0x00007ffc870b0000 - 0x00007ffc87121000 	C:\WINDOWS\System32\WS2_32.dll
0x00007ffc7e190000 - 0x00007ffc7e1c4000 	C:\WINDOWS\SYSTEM32\WINMM.dll
0x00007ffc83570000 - 0x00007ffc83588000 	C:\WINDOWS\SYSTEM32\kernel.appcore.dll
0x00007ffc763b0000 - 0x00007ffc763c0000 	C:\Program Files\Java\jdk-11\bin\verify.dll
0x00007ffc82190000 - 0x00007ffc823be000 	C:\WINDOWS\SYSTEM32\DBGHELP.DLL
0x00007ffc86230000 - 0x00007ffc865b9000 	C:\WINDOWS\System32\combase.dll
0x00007ffc85980000 - 0x00007ffc85a57000 	C:\WINDOWS\System32\OLEAUT32.dll
0x00007ffc6d280000 - 0x00007ffc6d2b2000 	C:\WINDOWS\SYSTEM32\dbgcore.DLL
0x00007ffc84db0000 - 0x00007ffc84e2a000 	C:\WINDOWS\System32\bcryptPrimitives.dll
0x00007ffc4b970000 - 0x00007ffc4b998000 	C:\Program Files\Java\jdk-11\bin\java.dll
0x00007ffc72760000 - 0x00007ffc7276a000 	C:\Program Files\Java\jdk-11\bin\jimage.dll
0x00007ffc4ced0000 - 0x00007ffc4cee7000 	C:\Program Files\Java\jdk-11\bin\zip.dll
0x00007ffc865d0000 - 0x00007ffc86dc9000 	C:\WINDOWS\System32\SHELL32.dll
0x00007ffc82510000 - 0x00007ffc82dde000 	C:\WINDOWS\SYSTEM32\windows.storage.dll
0x00007ffc823d0000 - 0x00007ffc8250e000 	C:\WINDOWS\SYSTEM32\wintypes.dll
0x00007ffc86f90000 - 0x00007ffc87081000 	C:\WINDOWS\System32\SHCORE.dll
0x00007ffc86180000 - 0x00007ffc861de000 	C:\WINDOWS\System32\shlwapi.dll
0x00007ffc844a0000 - 0x00007ffc844c6000 	C:\WINDOWS\SYSTEM32\profapi.dll
0x00007ffc4cf50000 - 0x00007ffc4cf69000 	C:\Program Files\Java\jdk-11\bin\net.dll
0x00007ffc7d3b0000 - 0x00007ffc7d4e7000 	C:\WINDOWS\SYSTEM32\WINHTTP.dll
0x00007ffc83a00000 - 0x00007ffc83a69000 	C:\WINDOWS\system32\mswsock.dll
0x00007ffc4cf30000 - 0x00007ffc4cf42000 	C:\Program Files\Java\jdk-11\bin\nio.dll
0x00007ffc66a60000 - 0x00007ffc66a87000 	C:\Users\ACER\.gradle\native\68d5fa5c4cc2d200863cafc0d521ce42e7d3e7ee720ec0a83991735586a16f82\windows-amd64\native-platform.dll
0x00007ffc1b190000 - 0x00007ffc1b2d4000 	C:\Users\ACER\.gradle\native\e376f236ea51e6404a007f0833ffe2c6e607c4080706a723a18a27aeea778392\windows-amd64\native-platform-file-events.dll
0x00007ffc69100000 - 0x00007ffc69109000 	C:\Program Files\Java\jdk-11\bin\management.dll
0x00007ffc61bf0000 - 0x00007ffc61bfb000 	C:\Program Files\Java\jdk-11\bin\management_ext.dll
0x00007ffc83ca0000 - 0x00007ffc83cbb000 	C:\WINDOWS\SYSTEM32\CRYPTSP.dll
0x00007ffc834e0000 - 0x00007ffc83515000 	C:\WINDOWS\system32\rsaenh.dll
0x00007ffc83b30000 - 0x00007ffc83b5c000 	C:\WINDOWS\SYSTEM32\USERENV.dll
0x00007ffc83e50000 - 0x00007ffc83e78000 	C:\WINDOWS\SYSTEM32\bcrypt.dll
0x00007ffc83c90000 - 0x00007ffc83c9c000 	C:\WINDOWS\SYSTEM32\CRYPTBASE.dll
0x00007ffc83080000 - 0x00007ffc830ad000 	C:\WINDOWS\SYSTEM32\IPHLPAPI.DLL
0x00007ffc85f60000 - 0x00007ffc85f69000 	C:\WINDOWS\System32\NSI.dll
0x00007ffc7e170000 - 0x00007ffc7e189000 	C:\WINDOWS\SYSTEM32\dhcpcsvc6.DLL
0x00007ffc7e150000 - 0x00007ffc7e16f000 	C:\WINDOWS\SYSTEM32\dhcpcsvc.DLL
0x00007ffc830b0000 - 0x00007ffc831a3000 	C:\WINDOWS\SYSTEM32\DNSAPI.dll

dbghelp: loaded successfully - version: 4.0.5 - missing functions: none
symbol engine: initialized successfully - sym options: 0x614 - pdb path: .;C:\Program Files\Java\jdk-11\bin;C:\WINDOWS\SYSTEM32;C:\WINDOWS\WinSxS\amd64_microsoft.windows.common-controls_6595b64144ccf1df_6.0.22621.1635_none_270f70857386168e;C:\Program Files\Java\jdk-11\bin\server;C:\Users\ACER\.gradle\native\68d5fa5c4cc2d200863cafc0d521ce42e7d3e7ee720ec0a83991735586a16f82\windows-amd64;C:\Users\ACER\.gradle\native\e376f236ea51e6404a007f0833ffe2c6e607c4080706a723a18a27aeea778392\windows-amd64

VM Arguments:
jvm_args: -XX:MaxMetaspaceSize=512m --add-opens=java.base/java.util=ALL-UNNAMED --add-opens=java.base/java.lang=ALL-UNNAMED --add-opens=java.base/java.lang.invoke=ALL-UNNAMED --add-opens=java.prefs/java.util.prefs=ALL-UNNAMED --add-opens=java.base/java.nio.charset=ALL-UNNAMED --add-opens=java.base/java.net=ALL-UNNAMED --add-opens=java.base/java.util.concurrent.atomic=ALL-UNNAMED -Xmx2048m -Dfile.encoding=windows-1252 -Duser.country=US -Duser.language=en -Duser.variant 
java_command: org.gradle.launcher.daemon.bootstrap.GradleDaemon 8.0.1
java_class_path (initial): C:\Users\ACER\.gradle\wrapper\dists\gradle-8.0.1-all\aro4hu1c3oeioove7l0i4i14o\gradle-8.0.1\lib\gradle-launcher-8.0.1.jar
Launcher Type: SUN_STANDARD

[Global flags]
     intx CICompilerCount                          = 4                                         {product} {ergonomic}
   size_t CompressedClassSpaceSize                 = 528482304                                 {product} {ergonomic}
     uint ConcGCThreads                            = 3                                         {product} {ergonomic}
     uint G1ConcRefinementThreads                  = 10                                        {product} {ergonomic}
   size_t G1HeapRegionSize                         = 1048576                                   {product} {ergonomic}
    uintx GCDrainStackTargetSize                   = 64                                        {product} {ergonomic}
   size_t InitialHeapSize                          = 123731968                                 {product} {ergonomic}
   size_t MarkStackSize                            = 4194304                                   {product} {ergonomic}
   size_t MaxHeapSize                              = 2147483648                                {product} {command line}
   size_t MaxMetaspaceSize                         = 536870912                                 {product} {command line}
   size_t MaxNewSize                               = 1287651328                                {product} {ergonomic}
   size_t MinHeapDeltaBytes                        = 1048576                                   {product} {ergonomic}
    uintx NonNMethodCodeHeapSize                   = 5836300                                {pd product} {ergonomic}
    uintx NonProfiledCodeHeapSize                  = 122910970                              {pd product} {ergonomic}
    uintx ProfiledCodeHeapSize                     = 122910970                              {pd product} {ergonomic}
    uintx ReservedCodeCacheSize                    = 251658240                              {pd product} {ergonomic}
     bool SegmentedCodeCache                       = true                                      {product} {ergonomic}
     bool UseCompressedClassPointers               = true                                 {lp64_product} {ergonomic}
     bool UseCompressedOops                        = true                                 {lp64_product} {ergonomic}
     bool UseG1GC                                  = true                                      {product} {ergonomic}
     bool UseLargePagesIndividualAllocation        = false                                  {pd product} {ergonomic}

Logging:
Log output configuration:
 #0: stdout all=warning uptime,level,tags
 #1: stderr all=off uptime,level,tags

Environment Variables:
CLASSPATH=D:\workplace\project\IotFood\IotFood\android\\gradle\wrapper\gradle-wrapper.jar
PATH=D:\workplace\project\IotFood\IotFood\node_modules\.bin;D:\workplace\project\IotFood\IotFood\node_modules\.bin;D:\workplace\project\IotFood\node_modules\.bin;D:\workplace\project\node_modules\.bin;D:\workplace\node_modules\.bin;D:\node_modules\.bin;C:\Users\ACER\AppData\Roaming\npm\node_modules\npm\node_modules\@npmcli\run-script\lib\node-gyp-bin;D:\workplace\project\IotFood\IotFood\node_modules\.bin;D:\workplace\project\IotFood\node_modules\.bin;D:\workplace\project\node_modules\.bin;D:\workplace\node_modules\.bin;D:\node_modules\.bin;C:\Users\ACER\AppData\Roaming\npm\node_modules\npm\node_modules\@npmcli\run-script\lib\node-gyp-bin;C:\Users\ACER\miniconda3\condabin;C:\Program Files\nodejs\;C:\Users\ACER\miniconda3;C:\Users\ACER\miniconda3\Library\mingw-w64\bin;C:\Users\ACER\miniconda3\Library\usr\bin;C:\Users\ACER\miniconda3\Library\bin;C:\Users\ACER\miniconda3\Scripts;C:\Program Files\MySQL\MySQL Shell 8.0\bin\;C:\Users\ACER\AppData\Local\Microsoft\WindowsApps;C:\Users\ACER\AppData\Local\Programs\Microsoft VS Code\bin;C:\msys64\mingw64\bin;C:\Users\ACER\AppData\Local\GitHubDesktop\bin;D:\workplace\python\toolJava\IntelliJ IDEA Community Edition 2023.1\bin;;D:\workplace\IntelliJ IDEA 2023.1.4\bin;;C:\Program Files\Java\jdk-11\bin;C:\ProgramData\Oracle\Java\javapath;C:\Program Files\nodejs\node_modules\npm\bin;C:\Users\ACER\AppData\Local\Android\Sdk\platform-tools;C:\Users\ACER\AppData\Roaming\npm;C:\Program Files\Git\bin;C:\Windows\System32;D:\workplace\React_native\testApp\node_modules\react-devtools\node_modules\.bin;D:\workplace\psql\folder1\bin;
USERNAME=ACER
OS=Windows_NT
PROCESSOR_IDENTIFIER=AMD64 Family 23 Model 104 Stepping 1, AuthenticAMD



---------------  S Y S T E M  ---------------

OS: Windows 11 , 64 bit Build 22621 (10.0.22621.1928)
Hyper-V role detected

CPU:total 12 (initial active 12) (12 cores per cpu, 2 threads per core) family 23 model 104 stepping 1 microcode 0x0, cmov, cx8, fxsr, mmx, sse, sse2, sse3, ssse3, sse4.1, sse4.2, popcnt, avx, avx2, aes, clmul, mmxext, 3dnowpref, lzcnt, sse4a, ht, tsc, tscinvbit, tscinv, bmi1, bmi2, adx,

Memory: 4k page, system-wide physical 7514M (286M free)
TotalPageFile size 20314M (AvailPageFile size 6M)
current process WorkingSet (physical memory assigned to process): 302M, peak: 345M
current process commit charge ("private bytes"): 470M, peak: 472M

vm_info: Java HotSpot(TM) 64-Bit Server VM (11.0.19+9-LTS-224) for windows-amd64 JRE (11.0.19+9-LTS-224), built on Mar 27 2023 08:48:55 by "mach5one" with MS VC++ 17.1 (VS2022)

END.
